
****** PlanAhead v14.4 (64-bit)
  **** Build 222254 by xbuild on Tue Dec 18 05:21:09 MST 2012
    ** Copyright 1986-1999, 2001-2012 Xilinx, Inc. All Rights Reserved.

INFO: [Common 17-78] Attempting to get a license: PlanAhead
INFO: [Common 17-290] Got license for PlanAhead
INFO: [Common 17-86] Your PlanAhead license expires in 7 day(s)
INFO: [Device 21-36] Loading parts and site information from E:/Xilinx/14.4/ISE_DS/PlanAhead/data/parts/arch.xml
Parsing RTL primitives file [E:/Xilinx/14.4/ISE_DS/PlanAhead/data/parts/xilinx/rtl/prims/rtl_prims.xml]
Finished parsing RTL primitives file [E:/Xilinx/14.4/ISE_DS/PlanAhead/data/parts/xilinx/rtl/prims/rtl_prims.xml]
start_gui
source D:/Study/DTU/1/02211/BraveMIPS/source/pa.fromNetlist.tcl
# create_project -name BraveMIPS -dir "D:/Study/DTU/1/02211/BraveMIPS/source/planAhead_run_1" -part xc6slx45csg324-3
#
# A fatal error has been detected by the Java Runtime Environment:
#
#  EXCEPTION_ACCESS_VIOLATION (0xc0000005) at pc=0xffffffffbb435160, pid=6184, tid=6180
#
# JRE version: 7.0_07-b11
# Java VM: Java HotSpot(TM) 64-Bit Server VM (23.3-b01 mixed mode windows-amd64 compressed oops)
# Problematic frame:
# C  0xffffffffbb435160
#
# Failed to write core dump. Minidumps are not enabled by default on client versions of Windows
#
# An error report file with more information is saved as:
# D:\Study\DTU\1\02211\BraveMIPS\source\hs_err_pid6184.log
#
# If you would like to submit a bug report, please visit:
#   http://bugreport.sun.com/bugreport/crash.jsp
#
