Running: E:\Xilinx\14.4\ISE_DS\ISE\bin\nt64\unwrapped\fuse.exe -intstyle ise -incremental -lib secureip -o D:/Study/DTU/1/02211/BraveMIPS/source/mips_test_isim_beh.exe -prj D:/Study/DTU/1/02211/BraveMIPS/source/mips_test_beh.prj mips_test 
ISim P.49d (signature 0x7708f090)
Number of CPUs detected in this system: 2
Turning on mult-threading, number of parallel sub-compilation jobs: 4 
Determining compilation order of HDL files
Parsing VHDL file "D:/Study/DTU/1/02211/BraveMIPS/source/mips.vhd" into library work
Parsing VHDL file "D:/Study/DTU/1/02211/BraveMIPS/source/mips_test.vhd" into library work
Starting static elaboration
Completed static elaboration
Compiling package standard
Compiling package std_logic_1164
Compiling package std_logic_arith
Compiling package std_logic_unsigned
Compiling architecture behavioral of entity mips [\mips(32,256,8,32,5,64,6,31,26,2...]
Compiling architecture behavior of entity mips_test
Time Resolution for simulation is 1ps.
Waiting for 2 sub-compilation(s) to finish...
Compiled 7 VHDL Units
Built simulation executable D:/Study/DTU/1/02211/BraveMIPS/source/mips_test_isim_beh.exe
Fuse Memory Usage: 32908 KB
Fuse CPU Usage: 966 ms
