#
# A fatal error has been detected by the Java Runtime Environment:
#
#  EXCEPTION_ACCESS_VIOLATION (0xc0000005) at pc=0xffffffffbb435160, pid=6184, tid=6180
#
# JRE version: 7.0_07-b11
# Java VM: Java HotSpot(TM) 64-Bit Server VM (23.3-b01 mixed mode windows-amd64 compressed oops)
# Problematic frame:
# C  0xffffffffbb435160
#
# Failed to write core dump. Minidumps are not enabled by default on client versions of Windows
#
# If you would like to submit a bug report, please visit:
#   http://bugreport.sun.com/bugreport/crash.jsp
#

---------------  T H R E A D  ---------------

Current thread (0x0000000029aa4800):  JavaThread "AWT-EventQueue-1" [_thread_in_Java, id=6180, stack(0x000000002a4f0000,0x000000002a7f0000)]

siginfo: ExceptionCode=0xc0000005, ExceptionInformation=0x0000000000000008 0xffffffffbb435160

Registers:
RAX=0x0000000000000001, RBX=0x0000000778479048, RCX=0x000000002f545740, RDX=0x00000007784793a0
RSP=0x000000002a7ea968, RBP=0x000000002a7eafc8, RSI=0x0000000000004a88, RDI=0x00000000000036a0
R8 =0x0000000000000001, R9 =0x0000000000000000, R10=0x0000000000000000, R11=0x000000001cbf0000
R12=0x0000000000000000, R13=0x000000002a7ea880, R14=0x000000002a7ea950, R15=0x0000000029aa4800
RIP=0xffffffffbb435160, EFLAGS=0x0000000000010202

Top of Stack: (sp=0x000000002a7ea968)
0x000000002a7ea968:   000000001adb431c 0000000000000001
0x000000002a7ea978:   00000007fa2b90a0 0000000778479210
0x000000002a7ea988:   000000001adc6ee3 000000002a7eafc8
0x000000002a7ea998:   000000001adbe314 0000000030997c70
0x000000002a7ea9a8:   000000001adb2b9b 0000000778478180
0x000000002a7ea9b8:   0000000700000001 0000000000000001
0x000000002a7ea9c8:   000000001adb8a94 000000002a7eafc8
0x000000002a7ea9d8:   0000000778479060 0000000000000001
0x000000002a7ea9e8:   0000000778479210 00000007919b4943
0x000000002a7ea9f8:   0000000778479100 00000007784791a8
0x000000002a7eaa08:   00000007784791d0 0000000778479048
0x000000002a7eaa18:   0000000778478078 0000000778004158
0x000000002a7eaa28:   0000000000000001 00000007784792b0
0x000000002a7eaa38:   0000000778479328 0000000778479048
0x000000002a7eaa48:   00000007784793a0 0000000778479100
0x000000002a7eaa58:   0000000778478180 0000000778478098 

Instructions: (pc=0xffffffffbb435160)
0xffffffffbb435140:   
[error occurred during error reporting (printing registers, top of stack, instructions near pc), id 0xc0000005]

Register to memory mapping:

RAX=0x0000000000000001 is an unknown value
RBX=
[error occurred during error reporting (printing register info), id 0xc0000005]

Stack: [0x000000002a4f0000,0x000000002a7f0000],  sp=0x000000002a7ea968,  free space=3050k
Native frames: (J=compiled Java code, j=interpreted, Vv=VM code, C=native code)
C  0xffffffffbb435160
j  ui.views.G.a.ffi()V+15
j  ui.views.G.a.dya()V+1
j  ui.views.G.a.<init>(Lui/views/bE;)V+20
j  ui.views.bE.euQ()V+9
j  ui.views.bE.erl()V+22
j  ui.by.<init>(Lui/aL;Lui/project/r;Lui/project/a;)V+39
j  ui.views.bE.<init>(Lui/aL;Lui/project/r;Lui/project/a;)V+4
j  ui.views.F.ap.x(Lui/project/a;)Lui/views/bE;+14
j  ui.views.F.ap.ffp()V+11
j  ui.views.F.X.y(Lui/views/F/e;)V+24
j  ui.views.F.X.fgl()V+4
j  ui.views.F.X.e(Lui/project/r;)V+331
j  ui.aL.b(Lui/project/r;)V+5
j  ui.PlanAhead.a(Lui/frmwork/a/f;)V+159
j  ui.frmwork.a.i.c(Lui/frmwork/a/f;)V+40
j  ui.frmwork.HTclEventBroker.a(JZ)V+244
j  ui.frmwork.Z.run()V+9
J  java.awt.event.InvocationEvent.dispatch()V


---------------  P R O C E S S  ---------------

Java Threads: ( => current thread )
  0x0000000029bf5800 JavaThread "hw_ila_monitor" [_thread_blocked, id=6212, stack(0x0000000036210000,0x0000000036510000)]
  0x000000002ffde800 JavaThread "Update Runs" [_thread_blocked, id=8060, stack(0x0000000035f10000,0x0000000036210000)]
  0x000000002ffdf800 JavaThread "Refresh Filesets" [_thread_blocked, id=6960, stack(0x0000000032630000,0x0000000032930000)]
  0x000000002f03b800 JavaThread "Sourcing Tcl script 'D:/Study/DTU/1/02211/BraveMIPS/source/pa.fromNetlist.tcl'" [_thread_blocked, id=7652, stack(0x0000000035410000,0x0000000035710000)]
  0x000000002e852000 JavaThread "Swing-Shell" daemon [_thread_blocked, id=4868, stack(0x0000000032930000,0x0000000032c30000)]
  0x000000003198d000 JavaThread "Monitor File Timestamp" [_thread_blocked, id=1432, stack(0x0000000032330000,0x0000000032630000)]
  0x000000002a9b6000 JavaThread "Image Fetcher 3" daemon [_thread_blocked, id=3024, stack(0x000000002ec30000,0x000000002ef30000)]
  0x000000002a9b7800 JavaThread "Image Fetcher 2" daemon [_thread_blocked, id=5768, stack(0x000000002e930000,0x000000002ec30000)]
  0x0000000027524800 JavaThread "D3D Screen Updater" daemon [_thread_blocked, id=776, stack(0x000000002db30000,0x000000002de30000)]
  0x0000000029622800 JavaThread "Image Fetcher 1" daemon [_thread_blocked, id=1288, stack(0x000000002ae30000,0x000000002b130000)]
  0x0000000029623800 JavaThread "Image Fetcher 0" daemon [_thread_blocked, id=7744, stack(0x000000002ab30000,0x000000002ae30000)]
=>0x0000000029aa4800 JavaThread "AWT-EventQueue-1" [_thread_in_Java, id=6180, stack(0x000000002a4f0000,0x000000002a7f0000)]
  0x0000000029a31800 JavaThread "Process Messages" [_thread_blocked, id=5044, stack(0x000000002a1f0000,0x000000002a4f0000)]
  0x0000000029627800 JavaThread "Thread-3" [_thread_blocked, id=6956, stack(0x0000000003ee0000,0x00000000052e0000)]
  0x0000000029417800 JavaThread "AWT-EventQueue-0" [_thread_blocked, id=7976, stack(0x0000000029ef0000,0x000000002a1f0000)]
  0x0000000029411800 JavaThread "AWT-Shutdown" [_thread_blocked, id=2540, stack(0x0000000028df0000,0x00000000290f0000)]
  0x000000002850c800 JavaThread "AWT-Windows" daemon [_thread_in_native, id=6028, stack(0x00000000290f0000,0x00000000293f0000)]
  0x00000000284d1000 JavaThread "Java2D Disposer" daemon [_thread_blocked, id=7820, stack(0x0000000028af0000,0x0000000028df0000)]
  0x000000002847b800 JavaThread "TimerQueue" daemon [_thread_blocked, id=7748, stack(0x00000000287f0000,0x0000000028af0000)]
  0x000000001a280800 JavaThread "Service Thread" daemon [_thread_blocked, id=7576, stack(0x0000000026ef0000,0x00000000271f0000)]
  0x000000001a270800 JavaThread "C1 CompilerThread1" daemon [_thread_blocked, id=7616, stack(0x0000000026df0000,0x0000000026ef0000)]
  0x000000001a170800 JavaThread "C2 CompilerThread0" daemon [_thread_blocked, id=2496, stack(0x0000000026cf0000,0x0000000026df0000)]
  0x0000000025ba1800 JavaThread "Attach Listener" daemon [_thread_blocked, id=4636, stack(0x00000000269f0000,0x0000000026cf0000)]
  0x0000000026302000 JavaThread "Signal Dispatcher" daemon [_thread_blocked, id=1688, stack(0x00000000266f0000,0x00000000269f0000)]
  0x0000000026304000 JavaThread "Surrogate Locker Thread (Concurrent GC)" daemon [_thread_blocked, id=7856, stack(0x00000000263f0000,0x00000000266f0000)]
  0x000000001a327800 JavaThread "Finalizer" daemon [_thread_blocked, id=7372, stack(0x0000000025ff0000,0x00000000262f0000)]
  0x0000000025b94800 JavaThread "Reference Handler" daemon [_thread_blocked, id=7828, stack(0x0000000025cf0000,0x0000000025ff0000)]
  0x000000001a17b000 JavaThread "main" [_thread_blocked, id=2564, stack(0x000000001a330000,0x000000001a430000)]

Other Threads:
  0x000000001a303000 VMThread [stack: 0x0000000025bf0000,0x0000000025cf0000] [id=7632]
  0x0000000026317800 WatcherThread [stack: 0x00000000271f0000,0x00000000272f0000] [id=4640]

VM state:not at safepoint (normal execution)

VM Mutex/Monitor currently owned by a thread: None

Heap
 par new generation   total 55296K, used 11342K [0x0000000778000000, 0x000000077bc00000, 0x000000077bc00000)
  eden space 49152K,  10% used [0x0000000778000000, 0x0000000778513878, 0x000000077b000000)
  from space 6144K, 100% used [0x000000077b600000, 0x000000077bc00000, 0x000000077bc00000)
  to   space 6144K,   0% used [0x000000077b000000, 0x000000077b000000, 0x000000077b600000)
 concurrent mark-sweep generation total 69632K, used 21238K [0x000000077bc00000, 0x0000000780000000, 0x00000007f8000000)
 concurrent-mark-sweep perm gen total 131072K, used 35573K [0x00000007f8000000, 0x0000000800000000, 0x0000000800000000)

Card table byte_map: [0x00000000207b0000,0x0000000020c00000] byte_map_base: 0x000000001cbf0000

Polling page: 0x000000000ffb0000

Code Cache  [0x000000001a430000, 0x000000001add0000, 0x0000000020430000)
 total_blobs=3406 nmethods=2754 adapters=567 free_code_cache=88547Kb largest_free_block=90600128

Compilation events (10 events):
Event: 29.009 Thread 0x000000001a270800 3183       3       java.util.HashMap::resize (86 bytes)
Event: 29.010 Thread 0x000000001a270800 nmethod 3183 0x000000001adc2690 code [0x000000001adc2880, 0x000000001adc31c8]
Event: 29.013 Thread 0x000000001a270800 3184       1       java.util.HashMap$KeySet::size (8 bytes)
Event: 29.013 Thread 0x000000001a270800 nmethod 3184 0x000000001adc3650 code [0x000000001adc37a0, 0x000000001adc38f0]
Event: 29.017 Thread 0x000000001a270800 3185       1       ui.data.rtl.C::cml (4 bytes)
Event: 29.017 Thread 0x000000001a270800 nmethod 3185 0x000000001adc3990 code [0x000000001adc3ae0, 0x000000001adc3c30]
Event: 29.018 Thread 0x000000001a170800 3186       4       java.util.Arrays::copyOf (47 bytes)
Event: 29.021 Thread 0x000000001a170800 nmethod 3186 0x000000001adc6bd0 code [0x000000001adc6d20, 0x000000001adc7058]
Event: 29.021 Thread 0x000000001a170800 3187       4       java.util.HashMap::<init> (144 bytes)
Event: 29.027 Thread 0x000000001a170800 nmethod 3187 0x000000001adc4f90 code [0x000000001adc5100, 0x000000001adc54b8]

GC Heap History (6 events):
Event: 10.593 GC heap before
{Heap before GC invocations=0 (full 0):
 par new generation   total 55296K, used 49152K [0x0000000778000000, 0x000000077bc00000, 0x000000077bc00000)
  eden space 49152K, 100% used [0x0000000778000000, 0x000000077b000000, 0x000000077b000000)
  from space 6144K,   0% used [0x000000077b000000, 0x000000077b000000, 0x000000077b600000)
  to   space 6144K,   0% used [0x000000077b600000, 0x000000077b600000, 0x000000077bc00000)
 concurrent mark-sweep generation total 69632K, used 0K [0x000000077bc00000, 0x0000000780000000, 0x00000007f8000000)
 concurrent-mark-sweep perm gen total 131072K, used 13031K [0x00000007f8000000, 0x0000000800000000, 0x0000000800000000)
Event: 10.640 GC heap after
Heap after GC invocations=1 (full 0):
 par new generation   total 55296K, used 6143K [0x0000000778000000, 0x000000077bc00000, 0x000000077bc00000)
  eden space 49152K,   0% used [0x0000000778000000, 0x0000000778000000, 0x000000077b000000)
  from space 6144K,  99% used [0x000000077b600000, 0x000000077bbffff8, 0x000000077bc00000)
  to   space 6144K,   0% used [0x000000077b000000, 0x000000077b000000, 0x000000077b600000)
 concurrent mark-sweep generation total 69632K, used 704K [0x000000077bc00000, 0x0000000780000000, 0x00000007f8000000)
 concurrent-mark-sweep perm gen total 131072K, used 13031K [0x00000007f8000000, 0x0000000800000000, 0x0000000800000000)
}
Event: 18.476 GC heap before
{Heap before GC invocations=1 (full 0):
 par new generation   total 55296K, used 55295K [0x0000000778000000, 0x000000077bc00000, 0x000000077bc00000)
  eden space 49152K, 100% used [0x0000000778000000, 0x000000077b000000, 0x000000077b000000)
  from space 6144K,  99% used [0x000000077b600000, 0x000000077bbffff8, 0x000000077bc00000)
  to   space 6144K,   0% used [0x000000077b000000, 0x000000077b000000, 0x000000077b600000)
 concurrent mark-sweep generation total 69632K, used 704K [0x000000077bc00000, 0x0000000780000000, 0x00000007f8000000)
 concurrent-mark-sweep perm gen total 131072K, used 23193K [0x00000007f8000000, 0x0000000800000000, 0x0000000800000000)
Event: 18.561 GC heap after
Heap after GC invocations=2 (full 0):
 par new generation   total 55296K, used 6144K [0x0000000778000000, 0x000000077bc00000, 0x000000077bc00000)
  eden space 49152K,   0% used [0x0000000778000000, 0x0000000778000000, 0x000000077b000000)
  from space 6144K, 100% used [0x000000077b000000, 0x000000077b600000, 0x000000077b600000)
  to   space 6144K,   0% used [0x000000077b600000, 0x000000077b600000, 0x000000077bc00000)
 concurrent mark-sweep generation total 69632K, used 10528K [0x000000077bc00000, 0x0000000780000000, 0x00000007f8000000)
 concurrent-mark-sweep perm gen total 131072K, used 23193K [0x00000007f8000000, 0x0000000800000000, 0x0000000800000000)
}
Event: 28.166 GC heap before
{Heap before GC invocations=2 (full 0):
 par new generation   total 55296K, used 55296K [0x0000000778000000, 0x000000077bc00000, 0x000000077bc00000)
  eden space 49152K, 100% used [0x0000000778000000, 0x000000077b000000, 0x000000077b000000)
  from space 6144K, 100% used [0x000000077b000000, 0x000000077b600000, 0x000000077b600000)
  to   space 6144K,   0% used [0x000000077b600000, 0x000000077b600000, 0x000000077bc00000)
 concurrent mark-sweep generation total 69632K, used 10528K [0x000000077bc00000, 0x0000000780000000, 0x00000007f8000000)
 concurrent-mark-sweep perm gen total 131072K, used 35485K [0x00000007f8000000, 0x0000000800000000, 0x0000000800000000)
Event: 28.230 GC heap after
Heap after GC invocations=3 (full 0):
 par new generation   total 55296K, used 6144K [0x0000000778000000, 0x000000077bc00000, 0x000000077bc00000)
  eden space 49152K,   0% used [0x0000000778000000, 0x0000000778000000, 0x000000077b000000)
  from space 6144K, 100% used [0x000000077b600000, 0x000000077bc00000, 0x000000077bc00000)
  to   space 6144K,   0% used [0x000000077b000000, 0x000000077b000000, 0x000000077b600000)
 concurrent mark-sweep generation total 69632K, used 21238K [0x000000077bc00000, 0x0000000780000000, 0x00000007f8000000)
 concurrent-mark-sweep perm gen total 131072K, used 35485K [0x00000007f8000000, 0x0000000800000000, 0x0000000800000000)
}

Deoptimization events (10 events):
Event: 23.884 Thread 0x0000000029aa4800 Uncommon trap -34 fr.pc 0x000000001ac2b1b0
Event: 23.884 Thread 0x0000000029aa4800 Uncommon trap -34 fr.pc 0x000000001ac2b1b0
Event: 23.885 Thread 0x0000000029aa4800 Uncommon trap -34 fr.pc 0x000000001ac2b1b0
Event: 23.896 Thread 0x0000000029aa4800 Uncommon trap -83 fr.pc 0x000000001a9f1f40
Event: 23.986 Thread 0x0000000029aa4800 Uncommon trap -83 fr.pc 0x000000001abef740
Event: 24.009 Thread 0x0000000029aa4800 Uncommon trap -34 fr.pc 0x000000001aa357fc
Event: 24.009 Thread 0x0000000029aa4800 Uncommon trap -34 fr.pc 0x000000001aa357fc
Event: 24.009 Thread 0x0000000029aa4800 Uncommon trap -34 fr.pc 0x000000001aa357fc
Event: 24.009 Thread 0x0000000029aa4800 Uncommon trap -34 fr.pc 0x000000001aa357fc
Event: 24.233 Thread 0x0000000029aa4800 Uncommon trap -122 fr.pc 0x000000001a5684b4

Internal exceptions (10 events):
Event: 28.159 Thread 0x0000000029aa4800 Threw 0x000000077affad08 at C:\jdk7u1_64p\jdk7u7\hotspot\src\share\vm\prims\jvm.cpp:1166
Event: 28.232 Thread 0x0000000029aa4800 Threw 0x0000000778005958 at C:\jdk7u1_64p\jdk7u7\hotspot\src\share\vm\prims\jvm.cpp:1166
Event: 28.266 Thread 0x0000000029aa4800 Threw 0x00000007780082d0 at C:\jdk7u1_64p\jdk7u7\hotspot\src\share\vm\prims\jvm.cpp:1166
Event: 28.283 Thread 0x0000000029aa4800 Threw 0x000000077800b158 at C:\jdk7u1_64p\jdk7u7\hotspot\src\share\vm\prims\jvm.cpp:1166
Event: 28.283 Thread 0x0000000029aa4800 Threw 0x0000000778012070 at C:\jdk7u1_64p\jdk7u7\hotspot\src\share\vm\prims\jvm.cpp:1166
Event: 28.307 Thread 0x0000000029aa4800 Threw 0x0000000778014740 at C:\jdk7u1_64p\jdk7u7\hotspot\src\share\vm\prims\jvm.cpp:1166
Event: 28.853 Thread 0x0000000029aa4800 Threw 0x0000000778017370 at C:\jdk7u1_64p\jdk7u7\hotspot\src\share\vm\prims\jvm.cpp:1166
Event: 28.864 Thread 0x0000000029aa4800 Threw 0x0000000778019a08 at C:\jdk7u1_64p\jdk7u7\hotspot\src\share\vm\prims\jvm.cpp:1166
Event: 28.865 Thread 0x0000000029aa4800 Threw 0x000000077801ca88 at C:\jdk7u1_64p\jdk7u7\hotspot\src\share\vm\prims\jvm.cpp:1166
Event: 28.865 Thread 0x0000000029aa4800 Threw 0x000000077801edf8 at C:\jdk7u1_64p\jdk7u7\hotspot\src\share\vm\prims\jvm.cpp:1166

Events (10 events):
Event: 28.308 Executing VM operation: BulkRevokeBias done
Event: 28.853 loading class 0x000000003039e4e0
Event: 28.853 loading class 0x000000003039e4e0 done
Event: 28.864 loading class 0x000000003039e540
Event: 28.864 loading class 0x000000003039e540 done
Event: 28.865 loading class 0x000000003039e6c0
Event: 28.865 loading class 0x000000003039e6c0 done
Event: 28.865 loading class 0x000000003039e4c0
Event: 28.865 loading class 0x000000003039e4c0 done
Event: 28.871 Thread 0x000000001a270800 flushing nmethod 0x000000001abcc850


Dynamic libraries:
0x0000000140000000 - 0x000000014000e000 	E:\Xilinx\14.4\ISE_DS\PlanAhead\bin\unwrapped\win64.o\planAhead.exe
0x0000000077a80000 - 0x0000000077c2c000 	C:\Windows\SYSTEM32\ntdll.dll
0x0000000077500000 - 0x000000007761f000 	C:\Windows\system32\kernel32.dll
0x000007fefdfc0000 - 0x000007fefe02c000 	C:\Windows\system32\KERNELBASE.dll
0x000000000a900000 - 0x000000000a945000 	E:\Xilinx\14.4\ISE_DS\PlanAhead\lib\win64.o\SHSMP64.dll
0x0000000077620000 - 0x000000007771a000 	C:\Windows\system32\USER32.dll
0x000007feff8b0000 - 0x000007feff917000 	C:\Windows\system32\GDI32.dll
0x000007fefe360000 - 0x000007fefe36e000 	C:\Windows\system32\LPK.dll
0x000007feffca0000 - 0x000007feffd6a000 	C:\Windows\system32\USP10.dll
0x000007feff920000 - 0x000007feff9bf000 	C:\Windows\system32\msvcrt.dll
0x000007feffbc0000 - 0x000007feffc9b000 	C:\Windows\system32\ADVAPI32.dll
0x000007feffd70000 - 0x000007feffd8f000 	C:\Windows\SYSTEM32\sechost.dll
0x000007fefe370000 - 0x000007fefe49e000 	C:\Windows\system32\RPCRT4.dll
0x000007fefcd00000 - 0x000007fefcd0c000 	C:\Windows\system32\VERSION.dll
0x0000000180000000 - 0x0000000180013000 	E:\Xilinx\14.4\ISE_DS\PlanAhead\lib\win64.o\libboost_signals.dll
0x00000000002f0000 - 0x00000000003de000 	E:\Xilinx\14.4\ISE_DS\PlanAhead\lib\win64.o\stlport.5.2.dll
0x00000000732c0000 - 0x0000000073393000 	C:\Windows\WinSxS\amd64_microsoft.vc90.crt_1fc8b3b9a1e18e3b_9.0.30729.6161_none_08e61857a83bc251\MSVCP90.dll
0x0000000073470000 - 0x0000000073513000 	C:\Windows\WinSxS\amd64_microsoft.vc90.crt_1fc8b3b9a1e18e3b_9.0.30729.6161_none_08e61857a83bc251\MSVCR90.dll
0x00000000003e0000 - 0x0000000000c61000 	E:\Xilinx\14.4\ISE_DS\PlanAhead\lib\win64.o\librdi_common.dll
0x0000000000c80000 - 0x0000000000f69000 	E:\Xilinx\14.4\ISE_DS\PlanAhead\lib\win64.o\libCOIN-all.dll
0x0000000000f80000 - 0x0000000001135000 	E:\Xilinx\14.4\ISE_DS\PlanAhead\lib\win64.o\libSecurity.dll
0x000007fefbe30000 - 0x000007fefbe46000 	C:\Windows\system32\NETAPI32.dll
0x000007fefd490000 - 0x000007fefd49c000 	C:\Windows\system32\netutils.dll
0x000007fefdc80000 - 0x000007fefdca3000 	C:\Windows\system32\srvcli.dll
0x000007fefd470000 - 0x000007fefd485000 	C:\Windows\system32\wkscli.dll
0x000007fefe2c0000 - 0x000007fefe358000 	C:\Windows\system32\COMDLG32.dll
0x000007feffac0000 - 0x000007feffb31000 	C:\Windows\system32\SHLWAPI.dll
0x000007fef95b0000 - 0x000007fef9650000 	C:\Windows\WinSxS\amd64_microsoft.windows.common-controls_6595b64144ccf1df_5.82.7600.16661_none_a44e1fc257f685f6\COMCTL32.dll
0x000007fefe890000 - 0x000007feff617000 	C:\Windows\system32\SHELL32.dll
0x000007fef9870000 - 0x000007fef9879000 	C:\Windows\system32\WSOCK32.dll
0x000007fefe840000 - 0x000007fefe88d000 	C:\Windows\system32\WS2_32.dll
0x000007feff6c0000 - 0x000007feff6c8000 	C:\Windows\system32\NSI.dll
0x0000000001150000 - 0x000000000115f000 	E:\Xilinx\14.4\ISE_DS\PlanAhead\lib\win64.o\libboost_date_time.dll
0x0000000001170000 - 0x0000000001197000 	E:\Xilinx\14.4\ISE_DS\PlanAhead\lib\win64.o\libboost_filesystem.dll
0x00000000011b0000 - 0x00000000011b9000 	E:\Xilinx\14.4\ISE_DS\PlanAhead\lib\win64.o\libboost_system.dll
0x00000000011d0000 - 0x0000000001241000 	E:\Xilinx\14.4\ISE_DS\PlanAhead\lib\win64.o\libboost_program_options.dll
0x0000000001260000 - 0x000000000130f000 	E:\Xilinx\14.4\ISE_DS\PlanAhead\lib\win64.o\libboost_regex.dll
0x0000000001320000 - 0x0000000001336000 	E:\Xilinx\14.4\ISE_DS\PlanAhead\lib\win64.o\libboost_thread.dll
0x0000000001350000 - 0x000000000135c000 	E:\Xilinx\14.4\ISE_DS\PlanAhead\lib\win64.o\libboost_chrono.dll
0x0000000001370000 - 0x00000000013b3000 	E:\Xilinx\14.4\ISE_DS\PlanAhead\lib\win64.o\libcurl.dll
0x000007feffb40000 - 0x000007feffb90000 	C:\Windows\system32\WLDAP32.dll
0x00000000013c0000 - 0x0000000001443000 	E:\Xilinx\14.4\ISE_DS\PlanAhead\lib\win64.o\libhdlpsolve.dll
0x0000000001460000 - 0x0000000001517000 	E:\Xilinx\14.4\ISE_DS\PlanAhead\lib\win64.o\libhdxml.dll
0x0000000001530000 - 0x0000000001a730d3 	E:\Xilinx\14.4\ISE_DS\PlanAhead\lib\win64.o\libisl_iostreams.dll
0x0000000001a90000 - 0x0000000001aa9000 	E:\Xilinx\14.4\ISE_DS\PlanAhead\lib\win64.o\libboost_iostreams.dll
0x0000000001ac0000 - 0x0000000001ade000 	E:\Xilinx\14.4\ISE_DS\PlanAhead\lib\win64.o\librdizlib.dll
0x0000000001af0000 - 0x0000000001b19000 	E:\Xilinx\14.4\ISE_DS\PlanAhead\lib\win64.o\libisl_sysinfo.dll
0x000000005b7d0000 - 0x000000005beef000 	E:\Xilinx\14.4\ISE_DS\PlanAhead\tps\win64\jre\bin\server\jvm.dll
0x000007fefb860000 - 0x000007fefb89b000 	C:\Windows\system32\WINMM.dll
0x0000000077c50000 - 0x0000000077c57000 	C:\Windows\system32\PSAPI.DLL
0x000000006a100000 - 0x000000006a1d2000 	C:\Windows\system32\MSVCR100.dll
0x0000000001b40000 - 0x0000000001b52000 	E:\Xilinx\14.4\ISE_DS\PlanAhead\lib\win64.o\pthreadVC.dll
0x0000000001b60000 - 0x0000000001b76000 	E:\Xilinx\14.4\ISE_DS\PlanAhead\lib\win64.o\librdiconfig.dll
0x0000000010000000 - 0x000000001012a000 	E:\Xilinx\14.4\ISE_DS\PlanAhead\lib\win64.o\tcl85t.dll
0x0000000012000000 - 0x0000000012282000 	E:\Xilinx\14.4\ISE_DS\PlanAhead\lib\win64.o\xerces-c_3_1.dll
0x00000000773a0000 - 0x00000000774fb000 	C:\Windows\system32\WININET.dll
0x0000000077c40000 - 0x0000000077c43000 	C:\Windows\system32\Normaliz.dll
0x0000000077720000 - 0x0000000077930000 	C:\Windows\system32\iertutil.dll
0x0000000077930000 - 0x0000000077a7d000 	C:\Windows\system32\urlmon.dll
0x000007fefe520000 - 0x000007fefe722000 	C:\Windows\system32\ole32.dll
0x000007feff9c0000 - 0x000007feffa97000 	C:\Windows\system32\OLEAUT32.dll
0x000007fef8f50000 - 0x000007fef8fbf000 	C:\Windows\system32\WINHTTP.dll
0x000007fef8ee0000 - 0x000007fef8f44000 	C:\Windows\system32\webio.dll
0x0000000001bb0000 - 0x0000000001bc6000 	E:\Xilinx\14.4\ISE_DS\PlanAhead\lib\win64.o\librdi_commonmain.dll
0x000007feffb90000 - 0x000007feffbbe000 	C:\Windows\system32\IMM32.DLL
0x000007fefe730000 - 0x000007fefe839000 	C:\Windows\system32\MSCTF.dll
0x00000000052e0000 - 0x00000000055d3000 	E:\Xilinx\14.4\ISE_DS\PlanAhead\lib\win64.o\librdi_commontasks.dll
0x0000000005ee0000 - 0x000000000651c000 	E:\Xilinx\14.4\ISE_DS\PlanAhead\lib\win64.o\librdi_coretasks.dll
0x0000000006520000 - 0x00000000066e7000 	E:\Xilinx\14.4\ISE_DS\PlanAhead\lib\win64.o\librdi_chipscope.dll
0x0000000003790000 - 0x00000000037fe000 	E:\Xilinx\14.4\ISE_DS\PlanAhead\lib\win64.o\liblmx6.0.dll
0x00000000066f0000 - 0x000000000770d000 	E:\Xilinx\14.4\ISE_DS\PlanAhead\lib\win64.o\librdi_constraints.dll
0x0000000003930000 - 0x0000000003938000 	E:\Xilinx\14.4\ISE_DS\PlanAhead\lib\win64.o\libpsta_dllwrapper.dll
0x0000000007710000 - 0x00000000082e6000 	E:\Xilinx\14.4\ISE_DS\PlanAhead\lib\win64.o\librdi_device.dll
0x00000000082f0000 - 0x000000000836d000 	E:\Xilinx\14.4\ISE_DS\PlanAhead\lib\win64.o\libboost_serialization.dll
0x0000000008370000 - 0x0000000008b10000 	E:\Xilinx\14.4\ISE_DS\PlanAhead\lib\win64.o\libverific.dll
0x0000000008b10000 - 0x0000000008ee6000 	E:\Xilinx\14.4\ISE_DS\PlanAhead\lib\win64.o\librdi_netlist.dll
0x000000000a950000 - 0x000000000df9f000 	E:\Xilinx\14.4\ISE_DS\PlanAhead\lib\win64.o\librdi_designutils.dll
0x0000000008f00000 - 0x0000000009444000 	E:\Xilinx\14.4\ISE_DS\PlanAhead\lib\win64.o\librdi_xdm.dll
0x0000000009460000 - 0x0000000009774000 	E:\Xilinx\14.4\ISE_DS\PlanAhead\lib\win64.o\librdi_drc.dll
0x0000000009790000 - 0x000000000a268000 	E:\Xilinx\14.4\ISE_DS\PlanAhead\lib\win64.o\librdi_timing.dll
0x000000000a280000 - 0x000000000a3a8000 	E:\Xilinx\14.4\ISE_DS\PlanAhead\lib\win64.o\librdi_dlyest.dll
0x000000000a3c0000 - 0x000000000a450000 	E:\Xilinx\14.4\ISE_DS\PlanAhead\lib\win64.o\libise.dll
0x000000000a460000 - 0x000000000a6ed000 	E:\Xilinx\14.4\ISE_DS\PlanAhead\lib\win64.o\librdi_filemgmt.dll
0x000000000dfa0000 - 0x000000000f26c000 	E:\Xilinx\14.4\ISE_DS\PlanAhead\lib\win64.o\librdi_coregen.dll
0x000000000f270000 - 0x000000000fa3f000 	E:\Xilinx\14.4\ISE_DS\PlanAhead\lib\win64.o\librdi_coregenipxact.dll
0x0000000010130000 - 0x0000000011253000 	E:\Xilinx\14.4\ISE_DS\PlanAhead\lib\win64.o\librdi_place.dll
0x0000000011260000 - 0x000000001183c000 	E:\Xilinx\14.4\ISE_DS\PlanAhead\lib\win64.o\librdi_abc_nomp.dll
0x000000000a740000 - 0x000000000a75a000 	E:\Xilinx\14.4\ISE_DS\PlanAhead\lib\win64.o\librdi_hmetis.dll
0x000000006bc50000 - 0x000000006bc61000 	C:\Windows\WinSxS\amd64_microsoft.vc90.openmp_1fc8b3b9a1e18e3b_9.0.30729.6161_none_390d35aa0a1f21f9\VCOMP90.DLL
0x000000000fa40000 - 0x000000000ff62000 	E:\Xilinx\14.4\ISE_DS\PlanAhead\lib\win64.o\librdi_power.dll
0x0000000011840000 - 0x0000000011e2e000 	E:\Xilinx\14.4\ISE_DS\PlanAhead\lib\win64.o\librdi_route.dll
0x0000000012290000 - 0x0000000012642000 	E:\Xilinx\14.4\ISE_DS\PlanAhead\lib\win64.o\librdi_project.dll
0x0000000012650000 - 0x000000001287a000 	E:\Xilinx\14.4\ISE_DS\PlanAhead\lib\win64.o\librdi_labtools.dll
0x000000000a7b0000 - 0x000000000a7ed000 	E:\Xilinx\14.4\ISE_DS\PlanAhead\lib\win64.o\librdi_simbridge_kernel.dll
0x0000000012880000 - 0x0000000012cf6000 	E:\Xilinx\14.4\ISE_DS\PlanAhead\lib\win64.o\librdi_wavedata.dll
0x0000000012d00000 - 0x000000001323b000 	E:\Xilinx\14.4\ISE_DS\PlanAhead\lib\win64.o\librdi_memdata.dll
0x0000000013240000 - 0x00000000137dd000 	E:\Xilinx\14.4\ISE_DS\PlanAhead\lib\win64.o\librdi_rsb.dll
0x00000000137e0000 - 0x0000000013c1e000 	E:\Xilinx\14.4\ISE_DS\PlanAhead\lib\win64.o\librdi_ip.dll
0x0000000013c20000 - 0x0000000014018000 	E:\Xilinx\14.4\ISE_DS\PlanAhead\lib\win64.o\librdi_runs.dll
0x0000000014020000 - 0x000000001574f000 	E:\Xilinx\14.4\ISE_DS\PlanAhead\lib\win64.o\librdi_synth.dll
0x0000000016850000 - 0x0000000018908000 	E:\Xilinx\14.4\ISE_DS\PlanAhead\lib\win64.o\librdi_tcltasks.dll
0x0000000018910000 - 0x0000000018b84000 	E:\Xilinx\14.4\ISE_DS\PlanAhead\lib\win64.o\librdi_bitstream.dll
0x0000000018b90000 - 0x0000000018c64000 	E:\Xilinx\14.4\ISE_DS\PlanAhead\lib\win64.o\librdi_dsp.dll
0x000000000a890000 - 0x000000000a8fe000 	E:\Xilinx\14.4\ISE_DS\PlanAhead\lib\win64.o\librdi_edk.dll
0x0000000018c70000 - 0x0000000018e7e000 	E:\Xilinx\14.4\ISE_DS\PlanAhead\lib\win64.o\librdi_simdata.dll
0x0000000019080000 - 0x00000000191d6000 	E:\Xilinx\14.4\ISE_DS\PlanAhead\lib\win64.o\librdi_planaheadtasks.dll
0x00000000191e0000 - 0x000000001a028000 	E:\Xilinx\14.4\ISE_DS\PlanAhead\lib\win64.o\librdi_ipservicestasks.dll
0x000000006d420000 - 0x000000006d42f000 	E:\Xilinx\14.4\ISE_DS\PlanAhead\tps\win64\jre\bin\verify.dll
0x000000006b840000 - 0x000000006b868000 	E:\Xilinx\14.4\ISE_DS\PlanAhead\tps\win64\jre\bin\java.dll
0x000000006b820000 - 0x000000006b835000 	E:\Xilinx\14.4\ISE_DS\PlanAhead\tps\win64\jre\bin\zip.dll
0x000000006b7f0000 - 0x000000006b809000 	E:\Xilinx\14.4\ISE_DS\PlanAhead\tps\win64\jre\bin\net.dll
0x000007fefd3f0000 - 0x000007fefd444000 	C:\Windows\system32\mswsock.dll
0x000007fefd700000 - 0x000007fefd707000 	C:\Windows\System32\wship6.dll
0x000000006b7d0000 - 0x000000006b7e1000 	E:\Xilinx\14.4\ISE_DS\PlanAhead\tps\win64\jre\bin\nio.dll
0x00000000276e0000 - 0x00000000279c6000 	E:\Xilinx\14.4\ISE_DS\PlanAhead\lib\win64.o\librdi_fed.dll
0x00000000279d0000 - 0x0000000027c31000 	E:\Xilinx\14.4\ISE_DS\PlanAhead\lib\win64.o\librdi_guitools.dll
0x000000000fff0000 - 0x000000000fff7000 	E:\Xilinx\14.4\ISE_DS\PlanAhead\lib\win64.o\librdi_commonx11.dll
0x0000000027c40000 - 0x000000002802e000 	E:\Xilinx\14.4\ISE_DS\PlanAhead\lib\win64.o\librdi_rsbtasks.dll
0x0000000028030000 - 0x0000000028279000 	E:\Xilinx\14.4\ISE_DS\PlanAhead\lib\win64.o\librdi_labtoolstasks.dll
0x0000000028280000 - 0x0000000028438000 	E:\Xilinx\14.4\ISE_DS\PlanAhead\lib\win64.o\librdi_simtcltasks.dll
0x0000000063120000 - 0x00000000632b3000 	E:\Xilinx\14.4\ISE_DS\PlanAhead\tps\win64\jre\bin\awt.dll
0x000007fefdde0000 - 0x000007fefddef000 	C:\Windows\system32\CRYPTBASE.dll
0x000007fefc280000 - 0x000007fefc298000 	C:\Windows\system32\DWMAPI.DLL
0x000007fefd450000 - 0x000007fefd467000 	C:\Windows\system32\CRYPTSP.dll
0x000007fefd160000 - 0x000007fefd1a7000 	C:\Windows\system32\rsaenh.dll
0x000007fefcee0000 - 0x000007fefcefe000 	C:\Windows\system32\USERENV.dll
0x000007fefdef0000 - 0x000007fefdeff000 	C:\Windows\system32\profapi.dll
0x000007fefb800000 - 0x000007fefb815000 	C:\Windows\system32\NLAapi.dll

VM Arguments:
jvm_args: -Dsun.java2d.pmoffscreen=false -Xverify:none -Dswing.aatext=true -XX:-UsePerfData -Djdk.map.althashing.threshold=512 -XX:PermSize=128m -XX:MaxPermSize=128m -XX:NewSize=60m -XX:MaxNewSize=60m -XX:+UseConcMarkSweepGC -XX:+UseParNewGC -XX:+CMSParallelRemarkEnabled -XX:+CMSScavengeBeforeRemark -XX:+UseNUMA -XX:+AggressiveOpts -XX:+UseFastAccessorMethods -XX:+UseFastEmptyMethods -XX:+UseBiasedLocking -XX:+TieredCompilation -Xms128m -Xmx2048m -Xss3m 
java_command: <unknown>
Launcher Type: generic

Environment Variables:
JAVA_HOME=c:\program files\java\jdk1.6.0_23
CLASSPATH=.;C:\Program Files (x86)\Java\jre6\lib\ext\QTJava.zip
USERNAME=Bogdan
OS=Windows_NT
PROCESSOR_IDENTIFIER=Intel64 Family 6 Model 23 Stepping 6, GenuineIntel



---------------  S Y S T E M  ---------------

OS: Windows 7 , 64 bit Build 7600 

CPU:total 2 (2 cores per cpu, 1 threads per core) family 6 model 23 stepping 6, cmov, cx8, fxsr, mmx, sse, sse2, sse3, ssse3, sse4.1, tsc

Memory: 4k page, physical 4192824k(813852k free), swap 9179472k(3012308k free)

vm_info: Java HotSpot(TM) 64-Bit Server VM (23.3-b01) for windows-amd64 JRE (1.7.0_07-b11), built on Sep  7 2012 01:19:25 by "java_re" with unknown MS VC++:1600

time: Thu Apr 25 03:30:34 2013
elapsed time: 29 seconds

