Release 14.4 - xst P.49d (nt64)
Copyright (c) 1995-2012 Xilinx, Inc.  All rights reserved.
--> Parameter TMPDIR set to xst/projnav.tmp


Total REAL time to Xst completion: 0.00 secs
Total CPU time to Xst completion: 0.16 secs
 
--> Parameter xsthdpdir set to xst


Total REAL time to Xst completion: 0.00 secs
Total CPU time to Xst completion: 0.16 secs
 
--> Reading design: mpg.prj

TABLE OF CONTENTS
  1) Synthesis Options Summary
  2) HDL Parsing
  3) HDL Elaboration
  4) HDL Synthesis
       4.1) HDL Synthesis Report
  5) Advanced HDL Synthesis
       5.1) Advanced HDL Synthesis Report
  6) Low Level Synthesis
  7) Partition Report
  8) Design Summary
       8.1) Primitive and Black Box Usage
       8.2) Device utilization summary
       8.3) Partition Resource Summary
       8.4) Timing Report
            8.4.1) Clock Information
            8.4.2) Asynchronous Control Signals Information
            8.4.3) Timing Summary
            8.4.4) Timing Details
            8.4.5) Cross Clock Domains Report


=========================================================================
*                      Synthesis Options Summary                        *
=========================================================================
---- Source Parameters
Input File Name                    : "mpg.prj"
Ignore Synthesis Constraint File   : NO

---- Target Parameters
Output File Name                   : "mpg"
Output Format                      : NGC
Target Device                      : xc6slx45-3-csg324

---- Source Options
Top Module Name                    : mpg
Automatic FSM Extraction           : YES
FSM Encoding Algorithm             : Auto
Safe Implementation                : No
FSM Style                          : LUT
RAM Extraction                     : Yes
RAM Style                          : Auto
ROM Extraction                     : Yes
Shift Register Extraction          : YES
ROM Style                          : Auto
Resource Sharing                   : YES
Asynchronous To Synchronous        : NO
Shift Register Minimum Size        : 2
Use DSP Block                      : Auto
Automatic Register Balancing       : No

---- Target Options
LUT Combining                      : Auto
Reduce Control Sets                : Auto
Add IO Buffers                     : YES
Global Maximum Fanout              : 100000
Add Generic Clock Buffer(BUFG)     : 16
Register Duplication               : YES
Optimize Instantiated Primitives   : NO
Use Clock Enable                   : Auto
Use Synchronous Set                : Auto
Use Synchronous Reset              : Auto
Pack IO Registers into IOBs        : Auto
Equivalent register Removal        : YES

---- General Options
Optimization Goal                  : Speed
Optimization Effort                : 1
Power Reduction                    : NO
Keep Hierarchy                     : No
Netlist Hierarchy                  : As_Optimized
RTL Output                         : Yes
Global Optimization                : AllClockNets
Read Cores                         : YES
Write Timing Constraints           : NO
Cross Clock Analysis               : NO
Hierarchy Separator                : /
Bus Delimiter                      : <>
Case Specifier                     : Maintain
Slice Utilization Ratio            : 100
BRAM Utilization Ratio             : 100
DSP48 Utilization Ratio            : 100
Auto BRAM Packing                  : NO
Slice Utilization Ratio Delta      : 5

=========================================================================


=========================================================================
*                          HDL Parsing                                  *
=========================================================================
Parsing VHDL file "D:\Study\DTU\1\02211\BraveMIPS\source\mpg_PC_test.vhd" into library work
Parsing entity <mpg>.
Parsing architecture <Behavioral> of entity <mpg>.
Parsing VHDL file "D:\Study\DTU\1\02211\BraveMIPS\source\mpg.vhd" into library work
Parsing entity <mpg>.
WARNING:HDLCompiler:685 - "D:\Study\DTU\1\02211\BraveMIPS\source\mpg.vhd" Line 33: Overwriting existing primary unit mpg
Parsing architecture <Behavioral> of entity <mpg>.

=========================================================================
*                            HDL Elaboration                            *
=========================================================================

Elaborating entity <mpg> (architecture <Behavioral>) from library <work>.

=========================================================================
*                           HDL Synthesis                               *
=========================================================================

Synthesizing Unit <mpg>.
    Related source file is "D:\Study\DTU\1\02211\BraveMIPS\source\mpg.vhd".
    Found 1-bit register for signal <q0>.
    Found 1-bit register for signal <q1>.
    Found 1-bit register for signal <q2>.
    Found 16-bit register for signal <cnt>.
    Found 16-bit adder for signal <cnt[15]_GND_5_o_add_0_OUT> created at line 53.
    Summary:
	inferred   1 Adder/Subtractor(s).
	inferred  19 D-type flip-flop(s).
Unit <mpg> synthesized.

=========================================================================
HDL Synthesis Report

Macro Statistics
# Adders/Subtractors                                   : 1
 16-bit adder                                          : 1
# Registers                                            : 4
 1-bit register                                        : 3
 16-bit register                                       : 1

=========================================================================

=========================================================================
*                       Advanced HDL Synthesis                          *
=========================================================================


Synthesizing (advanced) Unit <mpg>.
The following registers are absorbed into counter <cnt>: 1 register on signal <cnt>.
Unit <mpg> synthesized (advanced).

=========================================================================
Advanced HDL Synthesis Report

Macro Statistics
# Counters                                             : 1
 16-bit up counter                                     : 1
# Registers                                            : 3
 Flip-Flops                                            : 3

=========================================================================

=========================================================================
*                         Low Level Synthesis                           *
=========================================================================

Optimizing unit <mpg> ...

Mapping all equations...
Building and optimizing final netlist ...
Found area constraint ratio of 100 (+ 5) on block mpg, actual ratio is 0.

Final Macro Processing ...

=========================================================================
Final Register Report

Macro Statistics
# Registers                                            : 19
 Flip-Flops                                            : 19

=========================================================================

=========================================================================
*                           Partition Report                            *
=========================================================================

Partition Implementation Status
-------------------------------

  No Partitions were found in this design.

-------------------------------

=========================================================================
*                            Design Summary                             *
=========================================================================

Top Level Output File Name         : mpg.ngc

Primitive and Black Box Usage:
------------------------------
# BELS                             : 50
#      GND                         : 1
#      INV                         : 1
#      LUT1                        : 15
#      LUT2                        : 1
#      MUXCY                       : 15
#      VCC                         : 1
#      XORCY                       : 16
# FlipFlops/Latches                : 19
#      FD                          : 19
# Clock Buffers                    : 1
#      BUFGP                       : 1
# IO Buffers                       : 2
#      IBUF                        : 1
#      OBUF                        : 1

Device utilization summary:
---------------------------

Selected Device : 6slx45csg324-3 


Slice Logic Utilization: 
 Number of Slice Registers:              18  out of  54576     0%  
 Number of Slice LUTs:                   17  out of  27288     0%  
    Number used as Logic:                17  out of  27288     0%  

Slice Logic Distribution: 
 Number of LUT Flip Flop pairs used:     18
   Number with an unused Flip Flop:       0  out of     18     0%  
   Number with an unused LUT:             1  out of     18     5%  
   Number of fully used LUT-FF pairs:    17  out of     18    94%  
   Number of unique control sets:         2

IO Utilization: 
 Number of IOs:                           3
 Number of bonded IOBs:                   3  out of    218     1%  
    IOB Flip Flops/Latches:               1

Specific Feature Utilization:
 Number of BUFG/BUFGCTRLs:                1  out of     16     6%  

---------------------------
Partition Resource Summary:
---------------------------

  No Partitions were found in this design.

---------------------------


=========================================================================
Timing Report

NOTE: THESE TIMING NUMBERS ARE ONLY A SYNTHESIS ESTIMATE.
      FOR ACCURATE TIMING INFORMATION PLEASE REFER TO THE TRACE REPORT
      GENERATED AFTER PLACE-and-ROUTE.

Clock Information:
------------------
-----------------------------------+------------------------+-------+
Clock Signal                       | Clock buffer(FF name)  | Load  |
-----------------------------------+------------------------+-------+
cnt_15                             | NONE(q0)               | 1     |
clk                                | BUFGP                  | 18    |
-----------------------------------+------------------------+-------+
INFO:Xst:2169 - HDL ADVISOR - Some clock signals were not automatically buffered by XST with BUFG/BUFR resources. Please use the buffer_type constraint in order to insert these buffers to the clock signals to help prevent skew problems.

Asynchronous Control Signals Information:
----------------------------------------
No asynchronous control signals found in this design

Timing Summary:
---------------
Speed Grade: -3

   Minimum period: 1.952ns (Maximum Frequency: 512.334MHz)
   Minimum input arrival time before clock: 1.903ns
   Maximum output required time after clock: 4.521ns
   Maximum combinational path delay: No path found

Timing Details:
---------------
All values displayed in nanoseconds (ns)

=========================================================================
Timing constraint: Default period analysis for Clock 'clk'
  Clock period: 1.952ns (frequency: 512.334MHz)
  Total number of paths / destination ports: 137 / 17
-------------------------------------------------------------------------
Delay:               1.952ns (Levels of Logic = 17)
  Source:            cnt_0 (FF)
  Destination:       cnt_15 (FF)
  Source Clock:      clk rising
  Destination Clock: clk rising

  Data Path: cnt_0 to cnt_15
                                Gate     Net
    Cell:in->out      fanout   Delay   Delay  Logical Name (Net Name)
    ----------------------------------------  ------------
     FD:C->Q               1   0.447   0.579  cnt_0 (cnt_0)
     INV:I->O              1   0.206   0.000  Mcount_cnt_lut<0>_INV_0 (Mcount_cnt_lut<0>)
     MUXCY:S->O            1   0.172   0.000  Mcount_cnt_cy<0> (Mcount_cnt_cy<0>)
     MUXCY:CI->O           1   0.019   0.000  Mcount_cnt_cy<1> (Mcount_cnt_cy<1>)
     MUXCY:CI->O           1   0.019   0.000  Mcount_cnt_cy<2> (Mcount_cnt_cy<2>)
     MUXCY:CI->O           1   0.019   0.000  Mcount_cnt_cy<3> (Mcount_cnt_cy<3>)
     MUXCY:CI->O           1   0.019   0.000  Mcount_cnt_cy<4> (Mcount_cnt_cy<4>)
     MUXCY:CI->O           1   0.019   0.000  Mcount_cnt_cy<5> (Mcount_cnt_cy<5>)
     MUXCY:CI->O           1   0.019   0.000  Mcount_cnt_cy<6> (Mcount_cnt_cy<6>)
     MUXCY:CI->O           1   0.019   0.000  Mcount_cnt_cy<7> (Mcount_cnt_cy<7>)
     MUXCY:CI->O           1   0.019   0.000  Mcount_cnt_cy<8> (Mcount_cnt_cy<8>)
     MUXCY:CI->O           1   0.019   0.000  Mcount_cnt_cy<9> (Mcount_cnt_cy<9>)
     MUXCY:CI->O           1   0.019   0.000  Mcount_cnt_cy<10> (Mcount_cnt_cy<10>)
     MUXCY:CI->O           1   0.019   0.000  Mcount_cnt_cy<11> (Mcount_cnt_cy<11>)
     MUXCY:CI->O           1   0.019   0.000  Mcount_cnt_cy<12> (Mcount_cnt_cy<12>)
     MUXCY:CI->O           1   0.019   0.000  Mcount_cnt_cy<13> (Mcount_cnt_cy<13>)
     MUXCY:CI->O           0   0.019   0.000  Mcount_cnt_cy<14> (Mcount_cnt_cy<14>)
     XORCY:CI->O           1   0.180   0.000  Mcount_cnt_xor<15> (Result<15>)
     FD:D                      0.102          cnt_15
    ----------------------------------------
    Total                      1.952ns (1.373ns logic, 0.579ns route)
                                       (70.3% logic, 29.7% route)

=========================================================================
Timing constraint: Default OFFSET IN BEFORE for Clock 'cnt_15'
  Total number of paths / destination ports: 1 / 1
-------------------------------------------------------------------------
Offset:              1.903ns (Levels of Logic = 1)
  Source:            btn (PAD)
  Destination:       q0 (FF)
  Destination Clock: cnt_15 rising

  Data Path: btn to q0
                                Gate     Net
    Cell:in->out      fanout   Delay   Delay  Logical Name (Net Name)
    ----------------------------------------  ------------
     IBUF:I->O             1   1.222   0.579  btn_IBUF (btn_IBUF)
     FD:D                      0.102          q0
    ----------------------------------------
    Total                      1.903ns (1.324ns logic, 0.579ns route)
                                       (69.6% logic, 30.4% route)

=========================================================================
Timing constraint: Default OFFSET OUT AFTER for Clock 'clk'
  Total number of paths / destination ports: 2 / 1
-------------------------------------------------------------------------
Offset:              4.521ns (Levels of Logic = 2)
  Source:            q1 (FF)
  Destination:       step (PAD)
  Source Clock:      clk rising

  Data Path: q1 to step
                                Gate     Net
    Cell:in->out      fanout   Delay   Delay  Logical Name (Net Name)
    ----------------------------------------  ------------
     FD:C->Q               2   0.447   0.721  q1 (q1)
     LUT2:I0->O            1   0.203   0.579  step1 (step_OBUF)
     OBUF:I->O                 2.571          step_OBUF (step)
    ----------------------------------------
    Total                      4.521ns (3.221ns logic, 1.300ns route)
                                       (71.2% logic, 28.8% route)

=========================================================================

Cross Clock Domains Report:
--------------------------

Clock to Setup on destination clock clk
---------------+---------+---------+---------+---------+
               | Src:Rise| Src:Fall| Src:Rise| Src:Fall|
Source Clock   |Dest:Rise|Dest:Rise|Dest:Fall|Dest:Fall|
---------------+---------+---------+---------+---------+
clk            |    1.952|         |         |         |
cnt_15         |    1.128|         |         |         |
---------------+---------+---------+---------+---------+

=========================================================================


Total REAL time to Xst completion: 13.00 secs
Total CPU time to Xst completion: 12.66 secs
 
--> 

Total memory usage is 252580 kilobytes

Number of errors   :    0 (   0 filtered)
Number of warnings :    1 (   0 filtered)
Number of infos    :    1 (   0 filtered)

