Release 14.4 - xst P.49d (nt64)
Copyright (c) 1995-2012 Xilinx, Inc.  All rights reserved.
--> Parameter TMPDIR set to xst/projnav.tmp


Total REAL time to Xst completion: 0.00 secs
Total CPU time to Xst completion: 0.15 secs
 
--> Parameter xsthdpdir set to xst


Total REAL time to Xst completion: 0.00 secs
Total CPU time to Xst completion: 0.15 secs
 
--> Reading design: top.prj

TABLE OF CONTENTS
  1) Synthesis Options Summary
  2) HDL Parsing
  3) HDL Elaboration
  4) HDL Synthesis
       4.1) HDL Synthesis Report
  5) Advanced HDL Synthesis
       5.1) Advanced HDL Synthesis Report
  6) Low Level Synthesis
  7) Partition Report
  8) Design Summary
       8.1) Primitive and Black Box Usage
       8.2) Device utilization summary
       8.3) Partition Resource Summary
       8.4) Timing Report
            8.4.1) Clock Information
            8.4.2) Asynchronous Control Signals Information
            8.4.3) Timing Summary
            8.4.4) Timing Details
            8.4.5) Cross Clock Domains Report


=========================================================================
*                      Synthesis Options Summary                        *
=========================================================================
---- Source Parameters
Input File Name                    : "top.prj"
Ignore Synthesis Constraint File   : NO

---- Target Parameters
Output File Name                   : "top"
Output Format                      : NGC
Target Device                      : xc6slx45-3-csg324

---- Source Options
Top Module Name                    : top
Automatic FSM Extraction           : YES
FSM Encoding Algorithm             : Auto
Safe Implementation                : No
FSM Style                          : LUT
RAM Extraction                     : Yes
RAM Style                          : Auto
ROM Extraction                     : Yes
Shift Register Extraction          : YES
ROM Style                          : Auto
Resource Sharing                   : YES
Asynchronous To Synchronous        : NO
Shift Register Minimum Size        : 2
Use DSP Block                      : Auto
Automatic Register Balancing       : No

---- Target Options
LUT Combining                      : Auto
Reduce Control Sets                : Auto
Add IO Buffers                     : YES
Global Maximum Fanout              : 100000
Add Generic Clock Buffer(BUFG)     : 16
Register Duplication               : YES
Optimize Instantiated Primitives   : NO
Use Clock Enable                   : Auto
Use Synchronous Set                : Auto
Use Synchronous Reset              : Auto
Pack IO Registers into IOBs        : Auto
Equivalent register Removal        : YES

---- General Options
Optimization Goal                  : Speed
Optimization Effort                : 1
Power Reduction                    : NO
Keep Hierarchy                     : No
Netlist Hierarchy                  : As_Optimized
RTL Output                         : Yes
Global Optimization                : AllClockNets
Read Cores                         : YES
Write Timing Constraints           : NO
Cross Clock Analysis               : NO
Hierarchy Separator                : /
Bus Delimiter                      : <>
Case Specifier                     : Maintain
Slice Utilization Ratio            : 100
BRAM Utilization Ratio             : 100
DSP48 Utilization Ratio            : 100
Auto BRAM Packing                  : NO
Slice Utilization Ratio Delta      : 5

=========================================================================


=========================================================================
*                          HDL Parsing                                  *
=========================================================================
Parsing VHDL file "D:\Study\DTU\1\02211\BraveMIPS\source\mips.vhd" into library work
Parsing entity <mips>.
Parsing architecture <Behavioral> of entity <mips>.
Parsing VHDL file "D:\Study\DTU\1\02211\BraveMIPS\source\top.vhd" into library work
Parsing entity <top>.
Parsing architecture <Behavioral> of entity <top>.

=========================================================================
*                            HDL Elaboration                            *
=========================================================================

Elaborating entity <top> (architecture <Behavioral>) from library <work>.

Elaborating entity <mips> (architecture <Behavioral>) with generics from library <work>.

=========================================================================
*                           HDL Synthesis                               *
=========================================================================

Synthesizing Unit <top>.
    Related source file is "D:\Study\DTU\1\02211\BraveMIPS\source\top.vhd".
    Summary:
	no macro.
Unit <top> synthesized.

Synthesizing Unit <mips>.
    Related source file is "D:\Study\DTU\1\02211\BraveMIPS\source\mips.vhd".
        DATAPATH = 32
        INMEM_SIZE = 256
        INMEM_SEL = 8
        REGFILE_SIZE = 32
        REGFILE_SEL = 5
        MEMORY_SIZE = 64
        MEMORY_SEL = 6
        F_OPCODE_LEFT = 31
        F_OPCODE_RIGHT = 26
        F_RS_LEFT = 25
        F_RS_RIGHT = 21
        F_RT_LEFT = 20
        F_RT_RIGHT = 16
        F_RD_LEFT = 15
        F_RD_RIGHT = 11
        F_SHAMT_LEFT = 10
        F_SHAMT_RIGHT = 6
        F_FUNCT_LEFT = 5
        F_FUNCT_RIGHT = 0
        F_IMMEDIATE_LEFT = 15
        F_IMMEDIATE_RIGHT = 0
        F_ADDRESS_LEFT = 25
        F_ADDRESS_RIGHT = 0
    Found 64x32-bit single-port RAM <Mram_MEMORY> for signal <MEMORY>.
    Found 32-bit register for signal <IFID_instruction>.
    Found 32-bit register for signal <IDEX_next_seq_PC>.
    Found 32-bit register for signal <PC>.
    Found 32-bit register for signal <IFID_next_seq_PC>.
    Found 32-bit register for signal <IDEX_sourceValue>.
    Found 32-bit register for signal <IDEX_targetValue>.
    Found 32-bit register for signal <IDEX_immediateValue>.
    Found 5-bit register for signal <IDEX_destinationRegAddress>.
    Found 32-bit register for signal <REGFILE<0>>.
    Found 32-bit register for signal <REGFILE<1>>.
    Found 32-bit register for signal <REGFILE<2>>.
    Found 32-bit register for signal <REGFILE<3>>.
    Found 32-bit register for signal <REGFILE<4>>.
    Found 32-bit register for signal <REGFILE<5>>.
    Found 32-bit register for signal <REGFILE<6>>.
    Found 32-bit register for signal <REGFILE<7>>.
    Found 32-bit register for signal <REGFILE<8>>.
    Found 32-bit register for signal <REGFILE<9>>.
    Found 32-bit register for signal <REGFILE<10>>.
    Found 32-bit register for signal <REGFILE<11>>.
    Found 32-bit register for signal <REGFILE<12>>.
    Found 32-bit register for signal <REGFILE<13>>.
    Found 32-bit register for signal <REGFILE<14>>.
    Found 32-bit register for signal <REGFILE<15>>.
    Found 32-bit register for signal <REGFILE<16>>.
    Found 32-bit register for signal <REGFILE<17>>.
    Found 32-bit register for signal <REGFILE<18>>.
    Found 32-bit register for signal <REGFILE<19>>.
    Found 32-bit register for signal <REGFILE<20>>.
    Found 32-bit register for signal <REGFILE<21>>.
    Found 32-bit register for signal <REGFILE<22>>.
    Found 32-bit register for signal <REGFILE<23>>.
    Found 32-bit register for signal <REGFILE<24>>.
    Found 32-bit register for signal <REGFILE<25>>.
    Found 32-bit register for signal <REGFILE<26>>.
    Found 32-bit register for signal <REGFILE<27>>.
    Found 32-bit register for signal <REGFILE<28>>.
    Found 32-bit register for signal <REGFILE<29>>.
    Found 32-bit register for signal <REGFILE<30>>.
    Found 32-bit register for signal <REGFILE<31>>.
    Found 1-bit register for signal <IDEX_WBSelectALU>.
    Found 1-bit register for signal <IDEX_REGFILE_WE>.
    Found 1-bit register for signal <IDEX_MEMORY_WE>.
    Found 1-bit register for signal <IDEX_beq>.
    Found 1-bit register for signal <IDEX_bneq>.
    Found 1-bit register for signal <IDEX_jump>.
    Found 1-bit register for signal <IDEX_isSourcePC>.
    Found 1-bit register for signal <IDEX_isTargetImmediate>.
    Found 4-bit register for signal <IDEX_ALUoperation<3:0>>.
    Found 32-bit register for signal <EXMEM_ALUresult>.
    Found 5-bit register for signal <EXMEM_destinationRegAddress>.
    Found 32-bit register for signal <EXMEM_targetValue>.
    Found 1-bit register for signal <EXMEM_MEMORY_WE>.
    Found 1-bit register for signal <EXMEM_differenceIsZero>.
    Found 1-bit register for signal <EXMEM_WBSelectALU>.
    Found 1-bit register for signal <EXMEM_REGFILE_WE>.
    Found 1-bit register for signal <EXMEM_beq>.
    Found 1-bit register for signal <EXMEM_bneq>.
    Found 1-bit register for signal <EXMEM_jump>.
    Found 32-bit register for signal <MEMWB_ALUresult>.
    Found 5-bit register for signal <MEMWB_destinationRegAddress>.
    Found 32-bit register for signal <MEMWB_MEMresult>.
    Found 1-bit register for signal <MEMWB_WBSelectALU>.
    Found 1-bit register for signal <MEMWB_REGFILE_WE>.
    Found 32-bit adder for signal <PC[31]_GND_6_o_add_2_OUT> created at line 331.
    Found 32-bit adder for signal <operatorSource[31]_operatorTarget[31]_add_219_OUT> created at line 638.
    Found 32-bit subtractor for signal <GND_6_o_GND_6_o_sub_218_OUT<31:0>> created at line 636.
    Found 32-bit subtractor for signal <GND_6_o_GND_6_o_sub_226_OUT<31:0>> created at line 658.
    Found 256x32-bit Read Only RAM for signal <PC[7]_GND_6_o_wide_mux_3_OUT>
INFO:Xst:3019 - HDL ADVISOR - 1024 flip-flops were inferred for signal <REGFILE>. You may be trying to describe a RAM in a way that is incompatible with block and distributed RAM resources available on Xilinx devices, or with a specific template that is not supported. Please review the Xilinx resources documentation and the XST user manual for coding guidelines. Taking advantage of RAM resources will lead to improved device usage and reduced synthesis time.
INFO:Xst:3019 - HDL ADVISOR - 1024 flip-flops were inferred for signal <REGFILE>. You may be trying to describe a RAM in a way that is incompatible with block and distributed RAM resources available on Xilinx devices, or with a specific template that is not supported. Please review the Xilinx resources documentation and the XST user manual for coding guidelines. Taking advantage of RAM resources will lead to improved device usage and reduced synthesis time.
    Found 32x1-bit Read Only RAM for signal <IFID_instruction[5]_PWR_6_o_Mux_159_o>
    Found 16x1-bit Read Only RAM for signal <IFID_instruction[5]_GND_6_o_Mux_160_o>
    Found 32x1-bit Read Only RAM for signal <IFID_instruction[31]_GND_6_o_Mux_164_o>
    Found 64x4-bit Read Only RAM for signal <_n0827>
    Found 64x5-bit Read Only RAM for signal <_n0892>
    Found 32-bit 32-to-1 multiplexer for signal <IFID_instruction[25]_REGFILE[31][31]_wide_mux_76_OUT> created at line 363.
    Found 32-bit 32-to-1 multiplexer for signal <IFID_instruction[20]_REGFILE[31][31]_wide_mux_81_OUT> created at line 372.
    Found 32-bit 12-to-1 multiplexer for signal <IDEX_ALUoperation[3]_operatorSource[31]_wide_mux_224_OUT> created at line 634.
    Found 5-bit comparator equal for signal <IFID_instruction[25]_MEMWB_destinationRegAddress[4]_equal_76_o> created at line 359
    Found 5-bit comparator equal for signal <IFID_instruction[20]_MEMWB_destinationRegAddress[4]_equal_81_o> created at line 368
    Found 32-bit comparator greater for signal <operatorSource[31]_operatorTarget[31]_LessThan_215_o> created at line 624
    Summary:
	inferred   7 RAM(s).
	inferred   4 Adder/Subtractor(s).
	inferred 1412 D-type flip-flop(s).
	inferred   3 Comparator(s).
	inferred  18 Multiplexer(s).
Unit <mips> synthesized.

=========================================================================
HDL Synthesis Report

Macro Statistics
# RAMs                                                 : 7
 16x1-bit single-port Read Only RAM                    : 1
 256x32-bit single-port Read Only RAM                  : 1
 32x1-bit single-port Read Only RAM                    : 2
 64x32-bit single-port RAM                             : 1
 64x4-bit single-port Read Only RAM                    : 1
 64x5-bit single-port Read Only RAM                    : 1
# Adders/Subtractors                                   : 4
 32-bit adder                                          : 2
 32-bit subtractor                                     : 2
# Registers                                            : 64
 1-bit register                                        : 17
 32-bit register                                       : 43
 4-bit register                                        : 1
 5-bit register                                        : 3
# Comparators                                          : 3
 32-bit comparator greater                             : 1
 5-bit comparator equal                                : 2
# Multiplexers                                         : 18
 1-bit 2-to-1 multiplexer                              : 3
 32-bit 12-to-1 multiplexer                            : 1
 32-bit 2-to-1 multiplexer                             : 10
 32-bit 32-to-1 multiplexer                            : 2
 4-bit 2-to-1 multiplexer                              : 1
 5-bit 2-to-1 multiplexer                              : 1
# Xors                                                 : 1
 32-bit xor2                                           : 1

=========================================================================

=========================================================================
*                       Advanced HDL Synthesis                          *
=========================================================================

INFO:Xst:2261 - The FF/Latch <IDEX_immediateValue_16> in Unit <MIPS_1> is equivalent to the following 15 FFs/Latches, which will be removed : <IDEX_immediateValue_17> <IDEX_immediateValue_18> <IDEX_immediateValue_19> <IDEX_immediateValue_20> <IDEX_immediateValue_21> <IDEX_immediateValue_22> <IDEX_immediateValue_23> <IDEX_immediateValue_24> <IDEX_immediateValue_25> <IDEX_immediateValue_26> <IDEX_immediateValue_27> <IDEX_immediateValue_28> <IDEX_immediateValue_29> <IDEX_immediateValue_30> <IDEX_immediateValue_31> 
WARNING:Xst:1710 - FF/Latch <IDEX_immediateValue_16> (without init value) has a constant value of 0 in block <MIPS_1>. This FF/Latch will be trimmed during the optimization process.
WARNING:Xst:2404 -  FFs/Latches <IDEX_immediateValue<31:16>> (without init value) have a constant value of 0 in block <mips>.

Synthesizing (advanced) Unit <mips>.
INFO:Xst:3226 - The RAM <Mram_MEMORY> will be implemented as a BLOCK RAM, absorbing the following register(s): <MEMWB_MEMresult>
    -----------------------------------------------------------------------
    | ram_type           | Block                               |          |
    -----------------------------------------------------------------------
    | Port A                                                              |
    |     aspect ratio   | 64-word x 32-bit                    |          |
    |     mode           | write-first                         |          |
    |     clkA           | connected to signal <clk>           | rise     |
    |     weA            | connected to signal <EXMEM_MEMORY_WE> | high     |
    |     addrA          | connected to signal <EXMEM_ALUresult<5:0>> |          |
    |     diA            | connected to signal <EXMEM_targetValue> |          |
    |     doA            | connected to signal <MEMWB_MEMresult> |          |
    -----------------------------------------------------------------------
    | optimization       | speed                               |          |
    -----------------------------------------------------------------------
INFO:Xst:3217 - HDL ADVISOR - Register <IFID_instruction> currently described with an asynchronous reset, could be combined with distributed RAM <Mram_PC[7]_GND_6_o_wide_mux_3_OUT> for implementation on block RAM resources if you made this reset synchronous instead.
    -----------------------------------------------------------------------
    | ram_type           | Distributed                         |          |
    -----------------------------------------------------------------------
    | Port A                                                              |
    |     aspect ratio   | 256-word x 32-bit                   |          |
    |     weA            | connected to signal <GND>           | high     |
    |     addrA          | connected to signal <PC<7:0>>       |          |
    |     diA            | connected to signal <GND>           |          |
    |     doA            | connected to internal node          |          |
    -----------------------------------------------------------------------
INFO:Xst:3218 - HDL ADVISOR - The RAM <Mram__n0892> will be implemented on LUTs either because you have described an asynchronous read or because of currently unsupported block RAM features. If you have described an asynchronous read, making it synchronous would allow you to take advantage of available block RAM resources, for optimized device usage and improved timings. Please refer to your documentation for coding guidelines.
    -----------------------------------------------------------------------
    | ram_type           | Distributed                         |          |
    -----------------------------------------------------------------------
    | Port A                                                              |
    |     aspect ratio   | 64-word x 5-bit                     |          |
    |     weA            | connected to signal <GND>           | high     |
    |     addrA          | connected to signal <IFID_instruction<31:26>> |          |
    |     diA            | connected to signal <GND>           |          |
    |     doA            | connected to internal node          |          |
    -----------------------------------------------------------------------
INFO:Xst:3218 - HDL ADVISOR - The RAM <Mram__n0827> will be implemented on LUTs either because you have described an asynchronous read or because of currently unsupported block RAM features. If you have described an asynchronous read, making it synchronous would allow you to take advantage of available block RAM resources, for optimized device usage and improved timings. Please refer to your documentation for coding guidelines.
    -----------------------------------------------------------------------
    | ram_type           | Distributed                         |          |
    -----------------------------------------------------------------------
    | Port A                                                              |
    |     aspect ratio   | 64-word x 4-bit                     |          |
    |     weA            | connected to signal <GND>           | high     |
    |     addrA          | connected to signal <IFID_instruction<5:0>> |          |
    |     diA            | connected to signal <GND>           |          |
    |     doA            | connected to internal node          |          |
    -----------------------------------------------------------------------
INFO:Xst:3218 - HDL ADVISOR - The RAM <Mram_IFID_instruction[5]_GND_6_o_Mux_160_o> will be implemented on LUTs either because you have described an asynchronous read or because of currently unsupported block RAM features. If you have described an asynchronous read, making it synchronous would allow you to take advantage of available block RAM resources, for optimized device usage and improved timings. Please refer to your documentation for coding guidelines.
    -----------------------------------------------------------------------
    | ram_type           | Distributed                         |          |
    -----------------------------------------------------------------------
    | Port A                                                              |
    |     aspect ratio   | 16-word x 1-bit                     |          |
    |     weA            | connected to signal <GND>           | high     |
    |     addrA          | connected to signal <IFID_instruction<5:2>> |          |
    |     diA            | connected to signal <GND>           |          |
    |     doA            | connected to internal node          |          |
    -----------------------------------------------------------------------
INFO:Xst:3218 - HDL ADVISOR - The RAM <Mram_IFID_instruction[31]_GND_6_o_Mux_164_o> will be implemented on LUTs either because you have described an asynchronous read or because of currently unsupported block RAM features. If you have described an asynchronous read, making it synchronous would allow you to take advantage of available block RAM resources, for optimized device usage and improved timings. Please refer to your documentation for coding guidelines.
    -----------------------------------------------------------------------
    | ram_type           | Distributed                         |          |
    -----------------------------------------------------------------------
    | Port A                                                              |
    |     aspect ratio   | 32-word x 1-bit                     |          |
    |     weA            | connected to signal <GND>           | high     |
    |     addrA          | connected to signal <IFID_instruction<31:27>> |          |
    |     diA            | connected to signal <GND>           |          |
    |     doA            | connected to internal node          |          |
    -----------------------------------------------------------------------
INFO:Xst:3218 - HDL ADVISOR - The RAM <Mram_PC[7]_GND_6_o_wide_mux_3_OUT> will be implemented on LUTs either because you have described an asynchronous read or because of currently unsupported block RAM features. If you have described an asynchronous read, making it synchronous would allow you to take advantage of available block RAM resources, for optimized device usage and improved timings. Please refer to your documentation for coding guidelines.
INFO:Xst:3218 - HDL ADVISOR - The RAM <Mram_IFID_instruction[5]_PWR_6_o_Mux_159_o> will be implemented on LUTs either because you have described an asynchronous read or because of currently unsupported block RAM features. If you have described an asynchronous read, making it synchronous would allow you to take advantage of available block RAM resources, for optimized device usage and improved timings. Please refer to your documentation for coding guidelines.
    -----------------------------------------------------------------------
    | ram_type           | Distributed                         |          |
    -----------------------------------------------------------------------
    | Port A                                                              |
    |     aspect ratio   | 32-word x 1-bit                     |          |
    |     weA            | connected to signal <GND>           | high     |
    |     addrA          | connected to signal <(IFID_instruction<5:2>,IFID_instruction<0>)> |          |
    |     diA            | connected to signal <GND>           |          |
    |     doA            | connected to internal node          |          |
    -----------------------------------------------------------------------
Unit <mips> synthesized (advanced).

=========================================================================
Advanced HDL Synthesis Report

Macro Statistics
# RAMs                                                 : 7
 16x1-bit single-port distributed Read Only RAM        : 1
 256x32-bit single-port distributed Read Only RAM      : 1
 32x1-bit single-port distributed Read Only RAM        : 2
 64x32-bit single-port block RAM                       : 1
 64x4-bit single-port distributed Read Only RAM        : 1
 64x5-bit single-port distributed Read Only RAM        : 1
# Adders/Subtractors                                   : 4
 32-bit adder                                          : 2
 32-bit subtractor                                     : 2
# Registers                                            : 1364
 Flip-Flops                                            : 1364
# Comparators                                          : 3
 32-bit comparator greater                             : 1
 5-bit comparator equal                                : 2
# Multiplexers                                         : 143
 1-bit 2-to-1 multiplexer                              : 70
 1-bit 32-to-1 multiplexer                             : 64
 32-bit 12-to-1 multiplexer                            : 1
 32-bit 2-to-1 multiplexer                             : 7
 4-bit 2-to-1 multiplexer                              : 1
# Xors                                                 : 1
 32-bit xor2                                           : 1

=========================================================================

=========================================================================
*                         Low Level Synthesis                           *
=========================================================================

Optimizing unit <top> ...

Optimizing unit <mips> ...

Mapping all equations...
Building and optimizing final netlist ...
Found area constraint ratio of 100 (+ 5) on block top, actual ratio is 9.
FlipFlop MIPS_1/IDEX_ALUoperation_0 has been replicated 2 time(s)
FlipFlop MIPS_1/IDEX_ALUoperation_1 has been replicated 1 time(s)
FlipFlop MIPS_1/IDEX_ALUoperation_2 has been replicated 1 time(s)
FlipFlop MIPS_1/IDEX_ALUoperation_3 has been replicated 3 time(s)
FlipFlop MIPS_1/IDEX_isSourcePC has been replicated 4 time(s)
FlipFlop MIPS_1/IDEX_isTargetImmediate has been replicated 4 time(s)
FlipFlop MIPS_1/IFID_instruction_16 has been replicated 10 time(s)
FlipFlop MIPS_1/IFID_instruction_17 has been replicated 9 time(s)
FlipFlop MIPS_1/IFID_instruction_18 has been replicated 1 time(s)
FlipFlop MIPS_1/IFID_instruction_19 has been replicated 1 time(s)
FlipFlop MIPS_1/IFID_instruction_20 has been replicated 1 time(s)
FlipFlop MIPS_1/IFID_instruction_21 has been replicated 10 time(s)
FlipFlop MIPS_1/IFID_instruction_22 has been replicated 9 time(s)
FlipFlop MIPS_1/IFID_instruction_23 has been replicated 1 time(s)
FlipFlop MIPS_1/IFID_instruction_24 has been replicated 1 time(s)
FlipFlop MIPS_1/IFID_instruction_25 has been replicated 1 time(s)
FlipFlop MIPS_1/MEMWB_destinationRegAddress_2 has been replicated 1 time(s)
FlipFlop MIPS_1/MEMWB_destinationRegAddress_3 has been replicated 1 time(s)

Final Macro Processing ...

=========================================================================
Final Register Report

Macro Statistics
# Registers                                            : 1425
 Flip-Flops                                            : 1425

=========================================================================

=========================================================================
*                           Partition Report                            *
=========================================================================

Partition Implementation Status
-------------------------------

  No Partitions were found in this design.

-------------------------------

=========================================================================
*                            Design Summary                             *
=========================================================================

Top Level Output File Name         : top.ngc

Primitive and Black Box Usage:
------------------------------
# BELS                             : 1568
#      GND                         : 1
#      INV                         : 2
#      LUT1                        : 30
#      LUT2                        : 54
#      LUT3                        : 94
#      LUT4                        : 52
#      LUT5                        : 164
#      LUT6                        : 836
#      MUXCY                       : 142
#      MUXF7                       : 64
#      VCC                         : 1
#      XORCY                       : 128
# FlipFlops/Latches                : 1425
#      FD                          : 68
#      FDC                         : 140
#      FDE                         : 1153
#      FDRE                        : 64
# RAMS                             : 1
#      RAMB16BWER                  : 1
# Clock Buffers                    : 1
#      BUFGP                       : 1
# IO Buffers                       : 2
#      IBUF                        : 1
#      OBUF                        : 1

Device utilization summary:
---------------------------

Selected Device : 6slx45csg324-3 


Slice Logic Utilization: 
 Number of Slice Registers:            1425  out of  54576     2%  
 Number of Slice LUTs:                 1232  out of  27288     4%  
    Number used as Logic:              1232  out of  27288     4%  

Slice Logic Distribution: 
 Number of LUT Flip Flop pairs used:   2419
   Number with an unused Flip Flop:     994  out of   2419    41%  
   Number with an unused LUT:          1187  out of   2419    49%  
   Number of fully used LUT-FF pairs:   238  out of   2419     9%  
   Number of unique control sets:        37

IO Utilization: 
 Number of IOs:                           3
 Number of bonded IOBs:                   3  out of    218     1%  

Specific Feature Utilization:
 Number of Block RAM/FIFO:                1  out of    116     0%  
    Number using Block RAM only:          1
 Number of BUFG/BUFGCTRLs:                1  out of     16     6%  

---------------------------
Partition Resource Summary:
---------------------------

  No Partitions were found in this design.

---------------------------


=========================================================================
Timing Report

NOTE: THESE TIMING NUMBERS ARE ONLY A SYNTHESIS ESTIMATE.
      FOR ACCURATE TIMING INFORMATION PLEASE REFER TO THE TRACE REPORT
      GENERATED AFTER PLACE-and-ROUTE.

Clock Information:
------------------
-----------------------------------+------------------------+-------+
Clock Signal                       | Clock buffer(FF name)  | Load  |
-----------------------------------+------------------------+-------+
clk                                | BUFGP                  | 1426  |
-----------------------------------+------------------------+-------+

Asynchronous Control Signals Information:
----------------------------------------
No asynchronous control signals found in this design

Timing Summary:
---------------
Speed Grade: -3

   Minimum period: 4.666ns (Maximum Frequency: 214.312MHz)
   Minimum input arrival time before clock: 6.474ns
   Maximum output required time after clock: 5.942ns
   Maximum combinational path delay: No path found

Timing Details:
---------------
All values displayed in nanoseconds (ns)

=========================================================================
Timing constraint: Default period analysis for Clock 'clk'
  Clock period: 4.666ns (frequency: 214.312MHz)
  Total number of paths / destination ports: 28589 / 2555
-------------------------------------------------------------------------
Delay:               4.666ns (Levels of Logic = 4)
  Source:            MIPS_1/IDEX_isTargetImmediate_1 (FF)
  Destination:       MIPS_1/EXMEM_ALUresult_31 (FF)
  Source Clock:      clk rising
  Destination Clock: clk rising

  Data Path: MIPS_1/IDEX_isTargetImmediate_1 to MIPS_1/EXMEM_ALUresult_31
                                Gate     Net
    Cell:in->out      fanout   Delay   Delay  Logical Name (Net Name)
    ----------------------------------------  ------------
     FD:C->Q               1   0.447   0.808  MIPS_1/IDEX_isTargetImmediate_1 (MIPS_1/IDEX_isTargetImmediate_1)
     LUT3:I0->O            8   0.205   0.803  MIPS_1/Mmux_operatorTarget271 (MIPS_1/operatorTarget<4>)
     LUT5:I4->O           16   0.205   1.109  MIPS_1/Mmux_IDEX_ALUoperation[3]_operatorSource[31]_wide_mux_224_OUT1041 (MIPS_1/Mmux_IDEX_ALUoperation[3]_operatorSource[31]_wide_mux_224_OUT104)
     LUT5:I3->O            1   0.203   0.580  MIPS_1/Mmux_IDEX_ALUoperation[3]_operatorSource[31]_wide_mux_224_OUT502 (MIPS_1/Mmux_IDEX_ALUoperation[3]_operatorSource[31]_wide_mux_224_OUT501)
     LUT6:I5->O            1   0.205   0.000  MIPS_1/Mmux_IDEX_ALUoperation[3]_operatorSource[31]_wide_mux_224_OUT505 (MIPS_1/IDEX_ALUoperation[3]_operatorSource[31]_wide_mux_224_OUT<31>)
     FDE:D                     0.102          MIPS_1/EXMEM_ALUresult_31
    ----------------------------------------
    Total                      4.666ns (1.367ns logic, 3.299ns route)
                                       (29.3% logic, 70.7% route)

=========================================================================
Timing constraint: Default OFFSET IN BEFORE for Clock 'clk'
  Total number of paths / destination ports: 1421 / 1421
-------------------------------------------------------------------------
Offset:              6.474ns (Levels of Logic = 3)
  Source:            reset (PAD)
  Destination:       MIPS_1/REGFILE_0_31 (FF)
  Destination Clock: clk rising

  Data Path: reset to MIPS_1/REGFILE_0_31
                                Gate     Net
    Cell:in->out      fanout   Delay   Delay  Logical Name (Net Name)
    ----------------------------------------  ------------
     IBUF:I->O           145   1.222   2.224  reset_IBUF (reset_IBUF)
     LUT3:I0->O           16   0.205   1.005  MIPS_1/_n0531_inv11 (MIPS_1/_n0531_inv1)
     LUT5:I4->O           32   0.205   1.291  MIPS_1/_n0608_inv1 (MIPS_1/_n0608_inv)
     FDE:CE                    0.322          MIPS_1/REGFILE_11_0
    ----------------------------------------
    Total                      6.474ns (1.954ns logic, 4.520ns route)
                                       (30.2% logic, 69.8% route)

=========================================================================
Timing constraint: Default OFFSET OUT AFTER for Clock 'clk'
  Total number of paths / destination ports: 32 / 1
-------------------------------------------------------------------------
Offset:              5.942ns (Levels of Logic = 3)
  Source:            MIPS_1/REGFILE_0_0 (FF)
  Destination:       led (PAD)
  Source Clock:      clk rising

  Data Path: MIPS_1/REGFILE_0_0 to led
                                Gate     Net
    Cell:in->out      fanout   Delay   Delay  Logical Name (Net Name)
    ----------------------------------------  ------------
     FDE:C->Q              3   0.447   1.015  MIPS_1/REGFILE_0_0 (MIPS_1/REGFILE_0_0)
     LUT6:I0->O            1   0.203   0.924  MIPS_1/led<0>6 (MIPS_1/led<0>5)
     LUT6:I1->O            1   0.203   0.579  MIPS_1/led<0>7 (led_OBUF)
     OBUF:I->O                 2.571          led_OBUF (led)
    ----------------------------------------
    Total                      5.942ns (3.424ns logic, 2.518ns route)
                                       (57.6% logic, 42.4% route)

=========================================================================

Cross Clock Domains Report:
--------------------------

Clock to Setup on destination clock clk
---------------+---------+---------+---------+---------+
               | Src:Rise| Src:Fall| Src:Rise| Src:Fall|
Source Clock   |Dest:Rise|Dest:Rise|Dest:Fall|Dest:Fall|
---------------+---------+---------+---------+---------+
clk            |    4.666|         |         |         |
---------------+---------+---------+---------+---------+

=========================================================================


Total REAL time to Xst completion: 24.00 secs
Total CPU time to Xst completion: 23.47 secs
 
--> 

Total memory usage is 263076 kilobytes

Number of errors   :    0 (   0 filtered)
Number of warnings :    2 (   0 filtered)
Number of infos    :   11 (   0 filtered)

