Release 14.5 - xst P.58f (nt)
Copyright (c) 1995-2012 Xilinx, Inc.  All rights reserved.
--> Parameter TMPDIR set to xst/projnav.tmp


Total REAL time to Xst completion: 0.00 secs
Total CPU time to Xst completion: 0.23 secs
 
--> Parameter xsthdpdir set to xst


Total REAL time to Xst completion: 0.00 secs
Total CPU time to Xst completion: 0.23 secs
 
--> Reading design: uart_ex1.prj

TABLE OF CONTENTS
  1) Synthesis Options Summary
  2) HDL Parsing
  3) HDL Elaboration
  4) HDL Synthesis
       4.1) HDL Synthesis Report
  5) Advanced HDL Synthesis
       5.1) Advanced HDL Synthesis Report
  6) Low Level Synthesis
  7) Partition Report
  8) Design Summary
       8.1) Primitive and Black Box Usage
       8.2) Device utilization summary
       8.3) Partition Resource Summary
       8.4) Timing Report
            8.4.1) Clock Information
            8.4.2) Asynchronous Control Signals Information
            8.4.3) Timing Summary
            8.4.4) Timing Details
            8.4.5) Cross Clock Domains Report


=========================================================================
*                      Synthesis Options Summary                        *
=========================================================================
---- Source Parameters
Input File Name                    : "uart_ex1.prj"
Ignore Synthesis Constraint File   : NO

---- Target Parameters
Output File Name                   : "uart_ex1"
Output Format                      : NGC
Target Device                      : xc6slx45-3-csg324

---- Source Options
Top Module Name                    : uart_ex1
Automatic FSM Extraction           : YES
FSM Encoding Algorithm             : Auto
Safe Implementation                : No
FSM Style                          : LUT
RAM Extraction                     : Yes
RAM Style                          : Auto
ROM Extraction                     : Yes
Shift Register Extraction          : YES
ROM Style                          : Auto
Resource Sharing                   : YES
Asynchronous To Synchronous        : NO
Shift Register Minimum Size        : 2
Use DSP Block                      : Auto
Automatic Register Balancing       : No

---- Target Options
LUT Combining                      : Auto
Reduce Control Sets                : Auto
Add IO Buffers                     : YES
Global Maximum Fanout              : 100000
Add Generic Clock Buffer(BUFG)     : 16
Register Duplication               : YES
Optimize Instantiated Primitives   : NO
Use Clock Enable                   : Auto
Use Synchronous Set                : Auto
Use Synchronous Reset              : Auto
Pack IO Registers into IOBs        : Auto
Equivalent register Removal        : YES

---- General Options
Optimization Goal                  : Speed
Optimization Effort                : 1
Power Reduction                    : NO
Keep Hierarchy                     : No
Netlist Hierarchy                  : As_Optimized
RTL Output                         : Yes
Global Optimization                : AllClockNets
Read Cores                         : YES
Write Timing Constraints           : NO
Cross Clock Analysis               : NO
Hierarchy Separator                : /
Bus Delimiter                      : <>
Case Specifier                     : Maintain
Slice Utilization Ratio            : 100
BRAM Utilization Ratio             : 100
DSP48 Utilization Ratio            : 100
Auto BRAM Packing                  : NO
Slice Utilization Ratio Delta      : 5

=========================================================================


=========================================================================
*                          HDL Parsing                                  *
=========================================================================
Parsing VHDL file "D:\Study\DTU\1\02211\Project\source\fifo.vhd" into library work
Parsing entity <fifo_elem>.
Parsing architecture <rtl> of entity <fifo_elem>.
Parsing entity <fifo>.
Parsing architecture <rtl> of entity <fifo>.
Parsing VHDL file "D:\Study\DTU\1\02211\Project\source\uart_transmitter.vhd" into library work
Parsing entity <uart_transmitter>.
Parsing architecture <Behavioral> of entity <uart_transmitter>.
Parsing VHDL file "D:\Study\DTU\1\02211\Project\source\sc_uart.vhd" into library work
Parsing entity <sc_uart>.
Parsing architecture <rtl> of entity <sc_uart>.
Parsing VHDL file "D:\Study\DTU\1\02211\Project\source\uart_ex1.vhd" into library work
Parsing entity <uart_ex1>.
Parsing architecture <Behavioral> of entity <uart_ex1>.

=========================================================================
*                            HDL Elaboration                            *
=========================================================================

Elaborating entity <uart_ex1> (architecture <Behavioral>) with generics from library <work>.

Elaborating entity <uart_transmitter> (architecture <Behavioral>) with generics from library <work>.

Elaborating entity <sc_uart> (architecture <rtl>) with generics from library <work>.

Elaborating entity <fifo> (architecture <rtl>) with generics from library <work>.

Elaborating entity <fifo_elem> (architecture <rtl>) with generics from library <work>.

=========================================================================
*                           HDL Synthesis                               *
=========================================================================

Synthesizing Unit <uart_ex1>.
    Related source file is "D:\Study\DTU\1\02211\Project\source\uart_ex1.vhd".
        addr_bits = 1
INFO:Xst:3210 - "D:\Study\DTU\1\02211\Project\source\uart_ex1.vhd" line 121: Output port <rdy_cnt> of the instance <UART> is unconnected or connected to loadless signal.
INFO:Xst:3210 - "D:\Study\DTU\1\02211\Project\source\uart_ex1.vhd" line 121: Output port <txd> of the instance <UART> is unconnected or connected to loadless signal.
INFO:Xst:3210 - "D:\Study\DTU\1\02211\Project\source\uart_ex1.vhd" line 121: Output port <nrts> of the instance <UART> is unconnected or connected to loadless signal.
    Found 1-bit register for signal <led>.
    Found 1-bit register for signal <led_flag>.
    Found 26-bit register for signal <counter>.
    Found 26-bit adder for signal <counter[25]_GND_4_o_add_5_OUT> created at line 1241.
    Summary:
	inferred   1 Adder/Subtractor(s).
	inferred  28 D-type flip-flop(s).
	inferred   2 Multiplexer(s).
Unit <uart_ex1> synthesized.

Synthesizing Unit <uart_transmitter>.
    Related source file is "D:\Study\DTU\1\02211\Project\source\uart_transmitter.vhd".
        N = 8
    Found 1-bit register for signal <e>.
    Found 1-bit register for signal <load>.
    Found 14-bit register for signal <cnt>.
    Found 1-bit register for signal <q>.
    Found 9-bit register for signal <reg>.
    Found 14-bit adder for signal <cnt[13]_GND_7_o_add_4_OUT> created at line 92.
    Summary:
	inferred   1 Adder/Subtractor(s).
	inferred  26 D-type flip-flop(s).
	inferred   2 Multiplexer(s).
Unit <uart_transmitter> synthesized.

Synthesizing Unit <sc_uart>.
    Related source file is "D:\Study\DTU\1\02211\Project\source\sc_uart.vhd".
        addr_bits = 2
        clk_freq = 100000000
        baud_rate = 9600
        txf_depth = 8
        txf_thres = 8
        rxf_depth = 8
        rxf_thres = 8
WARNING:Xst:647 - Input <address<1:1>> is never used. This port will be preserved and left unconnected if it belongs to a top-level block or it belongs to a sub-block and the hierarchy of this sub-block is preserved.
WARNING:Xst:647 - Input <wr_data<31:8>> is never used. This port will be preserved and left unconnected if it belongs to a top-level block or it belongs to a sub-block and the hierarchy of this sub-block is preserved.
INFO:Xst:3210 - "D:\Study\DTU\1\02211\Project\source\sc_uart.vhd" line 265: Output port <half> of the instance <tf> is unconnected or connected to loadless signal.
    Found 11-bit register for signal <tsr>.
    Found 3-bit register for signal <ncts_buf>.
    Found 3-bit register for signal <rx_buf>.
    Found 2-bit register for signal <parity_mode>.
    Found 2-bit register for signal <uart_rx_state>.
    Found 10-bit register for signal <clk16>.
    Found 4-bit register for signal <clktx>.
    Found 4-bit register for signal <clkrx>.
    Found 11-bit register for signal <rsr>.
    Found 1-bit register for signal <rd_data<6>>.
    Found 1-bit register for signal <rd_data<5>>.
    Found 1-bit register for signal <rd_data<4>>.
    Found 1-bit register for signal <rd_data<3>>.
    Found 1-bit register for signal <rd_data<2>>.
    Found 1-bit register for signal <rd_data<1>>.
    Found 1-bit register for signal <rd_data<0>>.
    Found 1-bit register for signal <tx_clk>.
    Found 1-bit register for signal <rx_clk>.
    Found 1-bit register for signal <uart_tx_state>.
    Found 1-bit register for signal <tf_rd>.
    Found 1-bit register for signal <rf_wr>.
    Found 1-bit register for signal <rx_clk_ena>.
    Found 1-bit register for signal <rd_data<7>>.
    Found 3-bit register for signal <rxd_reg>.
    Found 4-bit register for signal <_v5>.
    Found 4-bit register for signal <i>.
    Found finite state machine <FSM_0> for signal <uart_rx_state>.
    -----------------------------------------------------------------------
    | States             | 3                                              |
    | Transitions        | 8                                              |
    | Inputs             | 5                                              |
    | Outputs            | 3                                              |
    | Clock              | clk (rising_edge)                              |
    | Reset              | reset (positive)                               |
    | Reset type         | asynchronous                                   |
    | Reset State        | s0                                             |
    | Power Up State     | s0                                             |
    | Encoding           | auto                                           |
    | Implementation     | LUT                                            |
    -----------------------------------------------------------------------
    Found 4-bit adder for signal <clktx[3]_GND_8_o_add_5_OUT> created at line 1241.
    Found 4-bit adder for signal <clkrx[3]_GND_8_o_add_7_OUT> created at line 1241.
    Found 10-bit adder for signal <clk16[9]_GND_8_o_add_10_OUT> created at line 251.
    Found 4-bit adder for signal <i[3]_GND_8_o_add_24_OUT> created at line 315.
    Found 4-bit adder for signal <i[3]_GND_8_o_add_40_OUT> created at line 390.
    Found 8x1-bit Read Only RAM for signal <rx_d>
    Summary:
	inferred   1 RAM(s).
	inferred   5 Adder/Subtractor(s).
	inferred  73 D-type flip-flop(s).
	inferred  18 Multiplexer(s).
	inferred   1 Finite State Machine(s).
Unit <sc_uart> synthesized.

Synthesizing Unit <fifo>.
    Related source file is "D:\Study\DTU\1\02211\Project\source\fifo.vhd".
        width = 8
        depth = 8
        thres = 8
INFO:Xst:3210 - "D:\Study\DTU\1\02211\Project\source\fifo.vhd" line 158: Output port <rd_prev> of the instance <g1[0].f1> is unconnected or connected to loadless signal.
    Summary:
	no macro.
Unit <fifo> synthesized.

Synthesizing Unit <fifo_elem>.
    Related source file is "D:\Study\DTU\1\02211\Project\source\fifo.vhd".
        width = 8
    Found 8-bit register for signal <buf>.
    Found 1-bit register for signal <f>.
    Found 1-bit register for signal <rd_prev>.
    Summary:
	inferred  10 D-type flip-flop(s).
	inferred   1 Multiplexer(s).
Unit <fifo_elem> synthesized.

=========================================================================
HDL Synthesis Report

Macro Statistics
# RAMs                                                 : 1
 8x1-bit single-port Read Only RAM                     : 1
# Adders/Subtractors                                   : 7
 10-bit adder                                          : 1
 14-bit adder                                          : 1
 26-bit adder                                          : 1
 4-bit adder                                           : 4
# Registers                                            : 81
 1-bit register                                        : 51
 10-bit register                                       : 1
 11-bit register                                       : 2
 14-bit register                                       : 1
 2-bit register                                        : 1
 26-bit register                                       : 1
 3-bit register                                        : 3
 4-bit register                                        : 4
 8-bit register                                        : 16
 9-bit register                                        : 1
# Multiplexers                                         : 38
 1-bit 2-to-1 multiplexer                              : 30
 10-bit 2-to-1 multiplexer                             : 1
 11-bit 2-to-1 multiplexer                             : 1
 14-bit 2-to-1 multiplexer                             : 1
 32-bit 2-to-1 multiplexer                             : 1
 4-bit 2-to-1 multiplexer                              : 2
 8-bit 2-to-1 multiplexer                              : 1
 9-bit 2-to-1 multiplexer                              : 1
# FSMs                                                 : 1
# Xors                                                 : 1
 1-bit xor8                                            : 1

=========================================================================

=========================================================================
*                       Advanced HDL Synthesis                          *
=========================================================================

WARNING:Xst:1290 - Hierarchical block <tf> is unconnected in block <UART>.
   It will be removed from the design.
WARNING:Xst:1293 - FF/Latch <parity_mode_0> has a constant value of 0 in block <UART>. This FF/Latch will be trimmed during the optimization process.
WARNING:Xst:1293 - FF/Latch <parity_mode_1> has a constant value of 0 in block <UART>. This FF/Latch will be trimmed during the optimization process.
WARNING:Xst:2677 - Node <buf_7> of sequential type is unconnected in block <g1[0].f1>.
WARNING:Xst:2677 - Node <buf_7> of sequential type is unconnected in block <g1[1].f1>.
WARNING:Xst:2677 - Node <buf_7> of sequential type is unconnected in block <g1[2].f1>.
WARNING:Xst:2677 - Node <buf_7> of sequential type is unconnected in block <g1[3].f1>.
WARNING:Xst:2677 - Node <buf_7> of sequential type is unconnected in block <g1[4].f1>.
WARNING:Xst:2677 - Node <buf_7> of sequential type is unconnected in block <g1[5].f1>.
WARNING:Xst:2677 - Node <buf_7> of sequential type is unconnected in block <g1[6].f1>.
WARNING:Xst:2677 - Node <buf_7> of sequential type is unconnected in block <g1[7].f1>.

Synthesizing (advanced) Unit <sc_uart>.
The following registers are absorbed into counter <clktx>: 1 register on signal <clktx>.
The following registers are absorbed into counter <clk16>: 1 register on signal <clk16>.
The following registers are absorbed into counter <_i000060>: 1 register on signal <_i000060>.
INFO:Xst:3218 - HDL ADVISOR - The RAM <Mram_rx_d> will be implemented on LUTs either because you have described an asynchronous read or because of currently unsupported block RAM features. If you have described an asynchronous read, making it synchronous would allow you to take advantage of available block RAM resources, for optimized device usage and improved timings. Please refer to your documentation for coding guidelines.
    -----------------------------------------------------------------------
    | ram_type           | Distributed                         |          |
    -----------------------------------------------------------------------
    | Port A                                                              |
    |     aspect ratio   | 8-word x 1-bit                      |          |
    |     weA            | connected to signal <GND>           | high     |
    |     addrA          | connected to signal <rx_buf>        |          |
    |     diA            | connected to signal <GND>           |          |
    |     doA            | connected to signal <rx_d>          |          |
    -----------------------------------------------------------------------
Unit <sc_uart> synthesized (advanced).

Synthesizing (advanced) Unit <uart_ex1>.
The following registers are absorbed into counter <counter>: 1 register on signal <counter>.
Unit <uart_ex1> synthesized (advanced).

Synthesizing (advanced) Unit <uart_transmitter>.
The following registers are absorbed into counter <cnt>: 1 register on signal <cnt>.
Unit <uart_transmitter> synthesized (advanced).

=========================================================================
Advanced HDL Synthesis Report

Macro Statistics
# RAMs                                                 : 1
 8x1-bit single-port distributed Read Only RAM         : 1
# Adders/Subtractors                                   : 4
 4-bit adder                                           : 4
# Counters                                             : 5
 10-bit up counter                                     : 1
 14-bit up counter                                     : 1
 26-bit up counter                                     : 1
 4-bit up counter                                      : 2
# Registers                                            : 229
 Flip-Flops                                            : 229
# Multiplexers                                         : 20
 1-bit 2-to-1 multiplexer                              : 14
 11-bit 2-to-1 multiplexer                             : 1
 32-bit 2-to-1 multiplexer                             : 1
 4-bit 2-to-1 multiplexer                              : 2
 8-bit 2-to-1 multiplexer                              : 1
 9-bit 2-to-1 multiplexer                              : 1
# FSMs                                                 : 1
# Xors                                                 : 1
 1-bit xor8                                            : 1

=========================================================================

=========================================================================
*                         Low Level Synthesis                           *
=========================================================================
WARNING:Xst:1293 - FF/Latch <parity_mode_0> has a constant value of 0 in block <sc_uart>. This FF/Latch will be trimmed during the optimization process.
WARNING:Xst:1896 - Due to other FF/Latch trimming, FF/Latch <parity_mode_1> has a constant value of 0 in block <sc_uart>. This FF/Latch will be trimmed during the optimization process.
Analyzing FSM <MFsm> for best encoding.
Optimizing FSM <UART/FSM_0> on signal <uart_rx_state[1:2]> with gray encoding.
-------------------
 State | Encoding
-------------------
 s0    | 00
 s1    | 01
 s2    | 11
-------------------
WARNING:Xst:1710 - FF/Latch <tsr_10> (without init value) has a constant value of 1 in block <sc_uart>. This FF/Latch will be trimmed during the optimization process.

Optimizing unit <uart_ex1> ...

Optimizing unit <uart_transmitter> ...

Optimizing unit <sc_uart> ...

Optimizing unit <fifo> ...

Optimizing unit <fifo_elem> ...
WARNING:Xst:2677 - Node <UART/clktx_3> of sequential type is unconnected in block <uart_ex1>.
WARNING:Xst:2677 - Node <UART/clktx_2> of sequential type is unconnected in block <uart_ex1>.
WARNING:Xst:2677 - Node <UART/clktx_1> of sequential type is unconnected in block <uart_ex1>.
WARNING:Xst:2677 - Node <UART/clktx_0> of sequential type is unconnected in block <uart_ex1>.
WARNING:Xst:2677 - Node <UART/_i000060_3> of sequential type is unconnected in block <uart_ex1>.
WARNING:Xst:2677 - Node <UART/_i000060_2> of sequential type is unconnected in block <uart_ex1>.
WARNING:Xst:2677 - Node <UART/_i000060_1> of sequential type is unconnected in block <uart_ex1>.
WARNING:Xst:2677 - Node <UART/_i000060_0> of sequential type is unconnected in block <uart_ex1>.
WARNING:Xst:2677 - Node <UART/rd_data_7> of sequential type is unconnected in block <uart_ex1>.
WARNING:Xst:2677 - Node <UART/tsr_9> of sequential type is unconnected in block <uart_ex1>.
WARNING:Xst:2677 - Node <UART/tsr_8> of sequential type is unconnected in block <uart_ex1>.
WARNING:Xst:2677 - Node <UART/tsr_7> of sequential type is unconnected in block <uart_ex1>.
WARNING:Xst:2677 - Node <UART/tsr_6> of sequential type is unconnected in block <uart_ex1>.
WARNING:Xst:2677 - Node <UART/tsr_5> of sequential type is unconnected in block <uart_ex1>.
WARNING:Xst:2677 - Node <UART/tsr_4> of sequential type is unconnected in block <uart_ex1>.
WARNING:Xst:2677 - Node <UART/tsr_3> of sequential type is unconnected in block <uart_ex1>.
WARNING:Xst:2677 - Node <UART/tsr_2> of sequential type is unconnected in block <uart_ex1>.
WARNING:Xst:2677 - Node <UART/tsr_1> of sequential type is unconnected in block <uart_ex1>.
WARNING:Xst:2677 - Node <UART/tsr_0> of sequential type is unconnected in block <uart_ex1>.
WARNING:Xst:2677 - Node <UART/tx_clk> of sequential type is unconnected in block <uart_ex1>.
WARNING:Xst:2677 - Node <UART/tf_rd> of sequential type is unconnected in block <uart_ex1>.
WARNING:Xst:2677 - Node <UART/uart_tx_state> of sequential type is unconnected in block <uart_ex1>.
WARNING:Xst:2677 - Node <UART/ncts_buf_2> of sequential type is unconnected in block <uart_ex1>.
WARNING:Xst:2677 - Node <UART/ncts_buf_1> of sequential type is unconnected in block <uart_ex1>.
WARNING:Xst:2677 - Node <UART/ncts_buf_0> of sequential type is unconnected in block <uart_ex1>.
WARNING:Xst:2677 - Node <UART/tf/g1[7].f1/rd_prev> of sequential type is unconnected in block <uart_ex1>.
WARNING:Xst:2677 - Node <UART/tf/g1[7].f1/buf_7> of sequential type is unconnected in block <uart_ex1>.
WARNING:Xst:2677 - Node <UART/tf/g1[7].f1/buf_6> of sequential type is unconnected in block <uart_ex1>.
WARNING:Xst:2677 - Node <UART/tf/g1[7].f1/buf_5> of sequential type is unconnected in block <uart_ex1>.
WARNING:Xst:2677 - Node <UART/tf/g1[7].f1/buf_4> of sequential type is unconnected in block <uart_ex1>.
WARNING:Xst:2677 - Node <UART/tf/g1[7].f1/buf_3> of sequential type is unconnected in block <uart_ex1>.
WARNING:Xst:2677 - Node <UART/tf/g1[7].f1/buf_2> of sequential type is unconnected in block <uart_ex1>.
WARNING:Xst:2677 - Node <UART/tf/g1[7].f1/buf_1> of sequential type is unconnected in block <uart_ex1>.
WARNING:Xst:2677 - Node <UART/tf/g1[7].f1/buf_0> of sequential type is unconnected in block <uart_ex1>.
WARNING:Xst:2677 - Node <UART/tf/g1[7].f1/f> of sequential type is unconnected in block <uart_ex1>.
WARNING:Xst:2677 - Node <UART/tf/g1[6].f1/rd_prev> of sequential type is unconnected in block <uart_ex1>.
WARNING:Xst:2677 - Node <UART/tf/g1[6].f1/buf_7> of sequential type is unconnected in block <uart_ex1>.
WARNING:Xst:2677 - Node <UART/tf/g1[6].f1/buf_6> of sequential type is unconnected in block <uart_ex1>.
WARNING:Xst:2677 - Node <UART/tf/g1[6].f1/buf_5> of sequential type is unconnected in block <uart_ex1>.
WARNING:Xst:2677 - Node <UART/tf/g1[6].f1/buf_4> of sequential type is unconnected in block <uart_ex1>.
WARNING:Xst:2677 - Node <UART/tf/g1[6].f1/buf_3> of sequential type is unconnected in block <uart_ex1>.
WARNING:Xst:2677 - Node <UART/tf/g1[6].f1/buf_2> of sequential type is unconnected in block <uart_ex1>.
WARNING:Xst:2677 - Node <UART/tf/g1[6].f1/buf_1> of sequential type is unconnected in block <uart_ex1>.
WARNING:Xst:2677 - Node <UART/tf/g1[6].f1/buf_0> of sequential type is unconnected in block <uart_ex1>.
WARNING:Xst:2677 - Node <UART/tf/g1[6].f1/f> of sequential type is unconnected in block <uart_ex1>.
WARNING:Xst:2677 - Node <UART/tf/g1[5].f1/rd_prev> of sequential type is unconnected in block <uart_ex1>.
WARNING:Xst:2677 - Node <UART/tf/g1[5].f1/buf_7> of sequential type is unconnected in block <uart_ex1>.
WARNING:Xst:2677 - Node <UART/tf/g1[5].f1/buf_6> of sequential type is unconnected in block <uart_ex1>.
WARNING:Xst:2677 - Node <UART/tf/g1[5].f1/buf_5> of sequential type is unconnected in block <uart_ex1>.
WARNING:Xst:2677 - Node <UART/tf/g1[5].f1/buf_4> of sequential type is unconnected in block <uart_ex1>.
WARNING:Xst:2677 - Node <UART/tf/g1[5].f1/buf_3> of sequential type is unconnected in block <uart_ex1>.
WARNING:Xst:2677 - Node <UART/tf/g1[5].f1/buf_2> of sequential type is unconnected in block <uart_ex1>.
WARNING:Xst:2677 - Node <UART/tf/g1[5].f1/buf_1> of sequential type is unconnected in block <uart_ex1>.
WARNING:Xst:2677 - Node <UART/tf/g1[5].f1/buf_0> of sequential type is unconnected in block <uart_ex1>.
WARNING:Xst:2677 - Node <UART/tf/g1[5].f1/f> of sequential type is unconnected in block <uart_ex1>.
WARNING:Xst:2677 - Node <UART/tf/g1[4].f1/rd_prev> of sequential type is unconnected in block <uart_ex1>.
WARNING:Xst:2677 - Node <UART/tf/g1[4].f1/buf_7> of sequential type is unconnected in block <uart_ex1>.
WARNING:Xst:2677 - Node <UART/tf/g1[4].f1/buf_6> of sequential type is unconnected in block <uart_ex1>.
WARNING:Xst:2677 - Node <UART/tf/g1[4].f1/buf_5> of sequential type is unconnected in block <uart_ex1>.
WARNING:Xst:2677 - Node <UART/tf/g1[4].f1/buf_4> of sequential type is unconnected in block <uart_ex1>.
WARNING:Xst:2677 - Node <UART/tf/g1[4].f1/buf_3> of sequential type is unconnected in block <uart_ex1>.
WARNING:Xst:2677 - Node <UART/tf/g1[4].f1/buf_2> of sequential type is unconnected in block <uart_ex1>.
WARNING:Xst:2677 - Node <UART/tf/g1[4].f1/buf_1> of sequential type is unconnected in block <uart_ex1>.
WARNING:Xst:2677 - Node <UART/tf/g1[4].f1/buf_0> of sequential type is unconnected in block <uart_ex1>.
WARNING:Xst:2677 - Node <UART/tf/g1[4].f1/f> of sequential type is unconnected in block <uart_ex1>.
WARNING:Xst:2677 - Node <UART/tf/g1[3].f1/rd_prev> of sequential type is unconnected in block <uart_ex1>.
WARNING:Xst:2677 - Node <UART/tf/g1[3].f1/buf_7> of sequential type is unconnected in block <uart_ex1>.
WARNING:Xst:2677 - Node <UART/tf/g1[3].f1/buf_6> of sequential type is unconnected in block <uart_ex1>.
WARNING:Xst:2677 - Node <UART/tf/g1[3].f1/buf_5> of sequential type is unconnected in block <uart_ex1>.
WARNING:Xst:2677 - Node <UART/tf/g1[3].f1/buf_4> of sequential type is unconnected in block <uart_ex1>.
WARNING:Xst:2677 - Node <UART/tf/g1[3].f1/buf_3> of sequential type is unconnected in block <uart_ex1>.
WARNING:Xst:2677 - Node <UART/tf/g1[3].f1/buf_2> of sequential type is unconnected in block <uart_ex1>.
WARNING:Xst:2677 - Node <UART/tf/g1[3].f1/buf_1> of sequential type is unconnected in block <uart_ex1>.
WARNING:Xst:2677 - Node <UART/tf/g1[3].f1/buf_0> of sequential type is unconnected in block <uart_ex1>.
WARNING:Xst:2677 - Node <UART/tf/g1[3].f1/f> of sequential type is unconnected in block <uart_ex1>.
WARNING:Xst:2677 - Node <UART/tf/g1[2].f1/rd_prev> of sequential type is unconnected in block <uart_ex1>.
WARNING:Xst:2677 - Node <UART/tf/g1[2].f1/buf_7> of sequential type is unconnected in block <uart_ex1>.
WARNING:Xst:2677 - Node <UART/tf/g1[2].f1/buf_6> of sequential type is unconnected in block <uart_ex1>.
WARNING:Xst:2677 - Node <UART/tf/g1[2].f1/buf_5> of sequential type is unconnected in block <uart_ex1>.
WARNING:Xst:2677 - Node <UART/tf/g1[2].f1/buf_4> of sequential type is unconnected in block <uart_ex1>.
WARNING:Xst:2677 - Node <UART/tf/g1[2].f1/buf_3> of sequential type is unconnected in block <uart_ex1>.
WARNING:Xst:2677 - Node <UART/tf/g1[2].f1/buf_2> of sequential type is unconnected in block <uart_ex1>.
WARNING:Xst:2677 - Node <UART/tf/g1[2].f1/buf_1> of sequential type is unconnected in block <uart_ex1>.
WARNING:Xst:2677 - Node <UART/tf/g1[2].f1/buf_0> of sequential type is unconnected in block <uart_ex1>.
WARNING:Xst:2677 - Node <UART/tf/g1[2].f1/f> of sequential type is unconnected in block <uart_ex1>.
WARNING:Xst:2677 - Node <UART/tf/g1[1].f1/rd_prev> of sequential type is unconnected in block <uart_ex1>.
WARNING:Xst:2677 - Node <UART/tf/g1[1].f1/buf_7> of sequential type is unconnected in block <uart_ex1>.
WARNING:Xst:2677 - Node <UART/tf/g1[1].f1/buf_6> of sequential type is unconnected in block <uart_ex1>.
WARNING:Xst:2677 - Node <UART/tf/g1[1].f1/buf_5> of sequential type is unconnected in block <uart_ex1>.
WARNING:Xst:2677 - Node <UART/tf/g1[1].f1/buf_4> of sequential type is unconnected in block <uart_ex1>.
WARNING:Xst:2677 - Node <UART/tf/g1[1].f1/buf_3> of sequential type is unconnected in block <uart_ex1>.
WARNING:Xst:2677 - Node <UART/tf/g1[1].f1/buf_2> of sequential type is unconnected in block <uart_ex1>.
WARNING:Xst:2677 - Node <UART/tf/g1[1].f1/buf_1> of sequential type is unconnected in block <uart_ex1>.
WARNING:Xst:2677 - Node <UART/tf/g1[1].f1/buf_0> of sequential type is unconnected in block <uart_ex1>.
WARNING:Xst:2677 - Node <UART/tf/g1[1].f1/f> of sequential type is unconnected in block <uart_ex1>.
WARNING:Xst:2677 - Node <UART/tf/g1[0].f1/rd_prev> of sequential type is unconnected in block <uart_ex1>.
WARNING:Xst:2677 - Node <UART/tf/g1[0].f1/buf_7> of sequential type is unconnected in block <uart_ex1>.
WARNING:Xst:2677 - Node <UART/tf/g1[0].f1/buf_6> of sequential type is unconnected in block <uart_ex1>.
WARNING:Xst:2677 - Node <UART/tf/g1[0].f1/buf_5> of sequential type is unconnected in block <uart_ex1>.
WARNING:Xst:2677 - Node <UART/tf/g1[0].f1/buf_4> of sequential type is unconnected in block <uart_ex1>.
WARNING:Xst:2677 - Node <UART/tf/g1[0].f1/buf_3> of sequential type is unconnected in block <uart_ex1>.
WARNING:Xst:2677 - Node <UART/tf/g1[0].f1/buf_2> of sequential type is unconnected in block <uart_ex1>.
WARNING:Xst:2677 - Node <UART/tf/g1[0].f1/buf_1> of sequential type is unconnected in block <uart_ex1>.
WARNING:Xst:2677 - Node <UART/tf/g1[0].f1/buf_0> of sequential type is unconnected in block <uart_ex1>.
WARNING:Xst:2677 - Node <UART/tf/g1[0].f1/f> of sequential type is unconnected in block <uart_ex1>.
WARNING:Xst:2677 - Node <UART/rf/g1[7].f1/buf_7> of sequential type is unconnected in block <uart_ex1>.
WARNING:Xst:2677 - Node <UART/rf/g1[6].f1/buf_7> of sequential type is unconnected in block <uart_ex1>.
WARNING:Xst:2677 - Node <UART/rf/g1[5].f1/buf_7> of sequential type is unconnected in block <uart_ex1>.
WARNING:Xst:2677 - Node <UART/rf/g1[4].f1/buf_7> of sequential type is unconnected in block <uart_ex1>.
WARNING:Xst:2677 - Node <UART/rf/g1[3].f1/buf_7> of sequential type is unconnected in block <uart_ex1>.
WARNING:Xst:2677 - Node <UART/rf/g1[2].f1/buf_7> of sequential type is unconnected in block <uart_ex1>.
WARNING:Xst:2677 - Node <UART/rf/g1[1].f1/buf_7> of sequential type is unconnected in block <uart_ex1>.
WARNING:Xst:2677 - Node <UART/rf/g1[0].f1/rd_prev> of sequential type is unconnected in block <uart_ex1>.
WARNING:Xst:2677 - Node <UART/rf/g1[0].f1/buf_7> of sequential type is unconnected in block <uart_ex1>.
INFO:Xst:2261 - The FF/Latch <UART/rf/g1[7].f1/f> in Unit <uart_ex1> is equivalent to the following FF/Latch, which will be removed : <UART/rf/g1[7].f1/rd_prev> 
INFO:Xst:2261 - The FF/Latch <UART/uart_rx_state_FSM_FFd2> in Unit <uart_ex1> is equivalent to the following FF/Latch, which will be removed : <UART/rx_clk_ena> 

Mapping all equations...
Building and optimizing final netlist ...
Found area constraint ratio of 100 (+ 5) on block uart_ex1, actual ratio is 0.

Final Macro Processing ...

Processing Unit <uart_ex1> :
	Found 3-bit shift register for signal <UART/rxd_reg_2>.
Unit <uart_ex1> processed.

=========================================================================
Final Register Report

Macro Statistics
# Registers                                            : 167
 Flip-Flops                                            : 167
# Shift Registers                                      : 1
 3-bit shift register                                  : 1

=========================================================================

=========================================================================
*                           Partition Report                            *
=========================================================================

Partition Implementation Status
-------------------------------

  No Partitions were found in this design.

-------------------------------

=========================================================================
*                            Design Summary                             *
=========================================================================

Top Level Output File Name         : uart_ex1.ngc

Primitive and Black Box Usage:
------------------------------
# BELS                             : 269
#      GND                         : 1
#      INV                         : 3
#      LUT1                        : 39
#      LUT2                        : 47
#      LUT3                        : 14
#      LUT4                        : 4
#      LUT5                        : 6
#      LUT6                        : 56
#      MUXCY                       : 47
#      MUXF7                       : 1
#      VCC                         : 1
#      XORCY                       : 50
# FlipFlops/Latches                : 167
#      FD                          : 43
#      FDC                         : 35
#      FDCE                        : 71
#      FDE                         : 13
#      FDPE                        : 3
#      FDR                         : 2
# Shift Registers                  : 1
#      SRLC16E                     : 1
# Clock Buffers                    : 1
#      BUFGP                       : 1
# IO Buffers                       : 11
#      IBUF                        : 2
#      OBUF                        : 9

Device utilization summary:
---------------------------

Selected Device : 6slx45csg324-3 


Slice Logic Utilization: 
 Number of Slice Registers:             167  out of  54576     0%  
 Number of Slice LUTs:                  170  out of  27288     0%  
    Number used as Logic:               169  out of  27288     0%  
    Number used as Memory:                1  out of   6408     0%  
       Number used as SRL:                1

Slice Logic Distribution: 
 Number of LUT Flip Flop pairs used:    233
   Number with an unused Flip Flop:      66  out of    233    28%  
   Number with an unused LUT:            63  out of    233    27%  
   Number of fully used LUT-FF pairs:   104  out of    233    44%  
   Number of unique control sets:        16

IO Utilization: 
 Number of IOs:                          12
 Number of bonded IOBs:                  12  out of    218     5%  

Specific Feature Utilization:
 Number of BUFG/BUFGCTRL/BUFHCEs:         1  out of     16     6%  

---------------------------
Partition Resource Summary:
---------------------------

  No Partitions were found in this design.

---------------------------


=========================================================================
Timing Report

NOTE: THESE TIMING NUMBERS ARE ONLY A SYNTHESIS ESTIMATE.
      FOR ACCURATE TIMING INFORMATION PLEASE REFER TO THE TRACE REPORT
      GENERATED AFTER PLACE-and-ROUTE.

Clock Information:
------------------
-----------------------------------+------------------------+-------+
Clock Signal                       | Clock buffer(FF name)  | Load  |
-----------------------------------+------------------------+-------+
clk                                | BUFGP                  | 168   |
-----------------------------------+------------------------+-------+

Asynchronous Control Signals Information:
----------------------------------------
No asynchronous control signals found in this design

Timing Summary:
---------------
Speed Grade: -3

   Minimum period: 4.030ns (Maximum Frequency: 248.145MHz)
   Minimum input arrival time before clock: 4.966ns
   Maximum output required time after clock: 3.668ns
   Maximum combinational path delay: No path found

Timing Details:
---------------
All values displayed in nanoseconds (ns)

=========================================================================
Timing constraint: Default period analysis for Clock 'clk'
  Clock period: 4.030ns (frequency: 248.145MHz)
  Total number of paths / destination ports: 2554 / 254
-------------------------------------------------------------------------
Delay:               4.030ns (Levels of Logic = 3)
  Source:            counter_20 (FF)
  Destination:       counter_0 (FF)
  Source Clock:      clk rising
  Destination Clock: clk rising

  Data Path: counter_20 to counter_0
                                Gate     Net
    Cell:in->out      fanout   Delay   Delay  Logical Name (Net Name)
    ----------------------------------------  ------------
     FD:C->Q               2   0.447   0.981  counter_20 (counter_20)
     LUT6:I0->O            4   0.203   0.931  counter[25]_PWR_4_o_equal_5_o<25>1 (counter[25]_PWR_4_o_equal_5_o<25>)
     LUT6:I2->O           14   0.203   0.958  Mcount_counter_val261 (Mcount_counter_val)
     LUT2:I1->O            1   0.205   0.000  counter_0_rstpot (counter_0_rstpot)
     FD:D                      0.102          counter_0
    ----------------------------------------
    Total                      4.030ns (1.160ns logic, 2.870ns route)
                                       (28.8% logic, 71.2% route)

=========================================================================
Timing constraint: Default OFFSET IN BEFORE for Clock 'clk'
  Total number of paths / destination ports: 143 / 143
-------------------------------------------------------------------------
Offset:              4.966ns (Levels of Logic = 3)
  Source:            reset (PAD)
  Destination:       counter_0 (FF)
  Destination Clock: clk rising

  Data Path: reset to counter_0
                                Gate     Net
    Cell:in->out      fanout   Delay   Delay  Logical Name (Net Name)
    ----------------------------------------  ------------
     IBUF:I->O           113   1.222   2.276  reset_IBUF (reset_IBUF)
     LUT6:I0->O           14   0.203   0.958  Mcount_counter_val261 (Mcount_counter_val)
     LUT2:I1->O            1   0.205   0.000  counter_0_rstpot (counter_0_rstpot)
     FD:D                      0.102          counter_0
    ----------------------------------------
    Total                      4.966ns (1.732ns logic, 3.234ns route)
                                       (34.9% logic, 65.1% route)

=========================================================================
Timing constraint: Default OFFSET OUT AFTER for Clock 'clk'
  Total number of paths / destination ports: 9 / 9
-------------------------------------------------------------------------
Offset:              3.668ns (Levels of Logic = 1)
  Source:            led_tmp (FF)
  Destination:       led (PAD)
  Source Clock:      clk rising

  Data Path: led_tmp to led
                                Gate     Net
    Cell:in->out      fanout   Delay   Delay  Logical Name (Net Name)
    ----------------------------------------  ------------
     FDR:C->Q              3   0.447   0.650  led_tmp (led_tmp)
     OBUF:I->O                 2.571          led_OBUF (led)
    ----------------------------------------
    Total                      3.668ns (3.018ns logic, 0.650ns route)
                                       (82.3% logic, 17.7% route)

=========================================================================

Cross Clock Domains Report:
--------------------------

Clock to Setup on destination clock clk
---------------+---------+---------+---------+---------+
               | Src:Rise| Src:Fall| Src:Rise| Src:Fall|
Source Clock   |Dest:Rise|Dest:Rise|Dest:Fall|Dest:Fall|
---------------+---------+---------+---------+---------+
clk            |    4.030|         |         |         |
---------------+---------+---------+---------+---------+

=========================================================================


Total REAL time to Xst completion: 11.00 secs
Total CPU time to Xst completion: 11.10 secs
 
--> 

Total memory usage is 196488 kilobytes

Number of errors   :    0 (   0 filtered)
Number of warnings :  130 (   0 filtered)
Number of infos    :    8 (   0 filtered)

